<?xml version="1.0" encoding="UTF-8"?>
<coverage generated="1568107501183" clover="3.2.0">
  <project timestamp="1568107501183" name="All files">
    <metrics statements="286" coveredstatements="286" conditionals="173" coveredconditionals="170" methods="88" coveredmethods="88" elements="547" coveredelements="544" complexity="0" loc="286" ncloc="286" packages="4" files="13" classes="13">
      <package name="components">
        <metrics statements="6" coveredstatements="6" conditionals="0" coveredconditionals="0" methods="3" coveredmethods="3"/>
        <file name="Pagination.vue" path="/home/duyvu/Documents/DuyVu/Manager-AWS/MngAws-FrontEnd/BanHoanChinh/src/components/Pagination.vue">
          <metrics statements="6" coveredstatements="6" conditionals="0" coveredconditionals="0" methods="3" coveredmethods="3"/>
          <line num="43" count="1" type="stmt"/>
          <line num="65" count="3" type="stmt"/>
          <line num="71" count="3" type="stmt"/>
          <line num="77" count="3" type="stmt"/>
          <line num="84" count="3" type="stmt"/>
          <line num="89" count="1" type="stmt"/>
        </file>
      </package>
      <package name="components.Tables">
        <metrics statements="93" coveredstatements="93" conditionals="52" coveredconditionals="51" methods="31" coveredmethods="31"/>
        <file name="AccountTable.vue" path="/home/duyvu/Documents/DuyVu/Manager-AWS/MngAws-FrontEnd/BanHoanChinh/src/components/Tables/AccountTable.vue">
          <metrics statements="22" coveredstatements="22" conditionals="11" coveredconditionals="10" methods="9" coveredmethods="9"/>
          <line num="56" count="11" type="stmt"/>
          <line num="57" count="11" type="stmt"/>
          <line num="58" count="11" type="stmt"/>
          <line num="69" count="6" type="stmt"/>
          <line num="75" count="6" type="stmt"/>
          <line num="81" count="6" type="stmt"/>
          <line num="109" count="1" type="stmt"/>
          <line num="111" count="1" type="stmt"/>
          <line num="121" count="4" type="stmt"/>
          <line num="123" count="4" type="stmt"/>
          <line num="124" count="20" type="stmt"/>
          <line num="127" count="29" type="cond" truecount="2" falsecount="0"/>
          <line num="133" count="1" type="stmt"/>
          <line num="134" count="1" type="stmt"/>
          <line num="138" count="1" type="stmt"/>
          <line num="141" count="31" type="cond" truecount="4" falsecount="0"/>
          <line num="142" count="1" type="stmt"/>
          <line num="143" count="1" type="stmt"/>
          <line num="146" count="2" type="cond" truecount="1" falsecount="0"/>
          <line num="154" count="2" type="stmt"/>
          <line num="156" count="4" type="cond" truecount="2" falsecount="0"/>
          <line num="159" count="2" type="stmt"/>
        </file>
        <file name="InstanceFullTable.vue" path="/home/duyvu/Documents/DuyVu/Manager-AWS/MngAws-FrontEnd/BanHoanChinh/src/components/Tables/InstanceFullTable.vue">
          <metrics statements="40" coveredstatements="40" conditionals="29" coveredconditionals="29" methods="10" coveredmethods="10"/>
          <line num="131" count="11" type="stmt"/>
          <line num="132" count="11" type="stmt"/>
          <line num="133" count="11" type="stmt"/>
          <line num="149" count="14" type="stmt"/>
          <line num="154" count="14" type="stmt"/>
          <line num="183" count="1" type="stmt"/>
          <line num="185" count="1" type="stmt"/>
          <line num="195" count="18" type="stmt"/>
          <line num="197" count="18" type="stmt"/>
          <line num="198" count="90" type="stmt"/>
          <line num="201" count="90" type="cond" truecount="2" falsecount="0"/>
          <line num="202" count="9" type="stmt"/>
          <line num="208" count="8" type="cond" truecount="2" falsecount="0"/>
          <line num="211" count="3" type="stmt"/>
          <line num="212" count="3" type="stmt"/>
          <line num="213" count="3" type="stmt"/>
          <line num="216" count="57" type="cond" truecount="7" falsecount="0"/>
          <line num="218" count="1" type="stmt"/>
          <line num="227" count="2" type="stmt"/>
          <line num="234" count="2" type="stmt"/>
          <line num="235" count="2" type="stmt"/>
          <line num="238" count="2" type="cond" truecount="1" falsecount="0"/>
          <line num="239" count="1" type="stmt"/>
          <line num="250" count="57" type="cond" truecount="7" falsecount="0"/>
          <line num="252" count="1" type="stmt"/>
          <line num="261" count="2" type="stmt"/>
          <line num="267" count="2" type="stmt"/>
          <line num="270" count="2" type="cond" truecount="1" falsecount="0"/>
          <line num="271" count="1" type="stmt"/>
          <line num="282" count="40" type="cond" truecount="4" falsecount="0"/>
          <line num="283" count="2" type="stmt"/>
          <line num="289" count="2" type="stmt"/>
          <line num="292" count="2" type="cond" truecount="1" falsecount="0"/>
          <line num="293" count="1" type="stmt"/>
          <line num="312" count="14" type="stmt"/>
          <line num="314" count="28" type="cond" truecount="2" falsecount="0"/>
          <line num="316" count="14" type="stmt"/>
          <line num="321" count="2" type="stmt"/>
          <line num="323" count="4" type="cond" truecount="2" falsecount="0"/>
          <line num="326" count="2" type="stmt"/>
        </file>
        <file name="InstanceTable.vue" path="/home/duyvu/Documents/DuyVu/Manager-AWS/MngAws-FrontEnd/BanHoanChinh/src/components/Tables/InstanceTable.vue">
          <metrics statements="14" coveredstatements="14" conditionals="6" coveredconditionals="6" methods="5" coveredmethods="5"/>
          <line num="26" count="11" type="stmt"/>
          <line num="41" count="2" type="stmt"/>
          <line num="46" count="2" type="stmt"/>
          <line num="64" count="6" type="stmt"/>
          <line num="66" count="6" type="stmt"/>
          <line num="67" count="30" type="stmt"/>
          <line num="70" count="30" type="cond" truecount="2" falsecount="0"/>
          <line num="71" count="9" type="stmt"/>
          <line num="78" count="2" type="stmt"/>
          <line num="80" count="4" type="cond" truecount="2" falsecount="0"/>
          <line num="82" count="2" type="stmt"/>
          <line num="87" count="2" type="stmt"/>
          <line num="89" count="4" type="cond" truecount="2" falsecount="0"/>
          <line num="92" count="2" type="stmt"/>
        </file>
        <file name="PlanTable.vue" path="/home/duyvu/Documents/DuyVu/Manager-AWS/MngAws-FrontEnd/BanHoanChinh/src/components/Tables/PlanTable.vue">
          <metrics statements="17" coveredstatements="17" conditionals="6" coveredconditionals="6" methods="7" coveredmethods="7"/>
          <line num="52" count="11" type="stmt"/>
          <line num="66" count="6" type="stmt"/>
          <line num="71" count="6" type="stmt"/>
          <line num="94" count="1" type="stmt"/>
          <line num="95" count="1" type="stmt"/>
          <line num="99" count="2" type="cond" truecount="2" falsecount="0"/>
          <line num="100" count="1" type="stmt"/>
          <line num="103" count="1" type="stmt"/>
          <line num="107" count="4" type="stmt"/>
          <line num="108" count="4" type="stmt"/>
          <line num="109" count="32" type="stmt"/>
          <line num="112" count="32" type="cond" truecount="2" falsecount="0"/>
          <line num="113" count="12" type="stmt"/>
          <line num="119" count="1" type="stmt"/>
          <line num="130" count="2" type="stmt"/>
          <line num="132" count="4" type="cond" truecount="2" falsecount="0"/>
          <line num="135" count="2" type="stmt"/>
        </file>
      </package>
      <package name="pages">
        <metrics statements="175" coveredstatements="175" conditionals="121" coveredconditionals="119" methods="49" coveredmethods="49"/>
        <file name="Accounts.vue" path="/home/duyvu/Documents/DuyVu/Manager-AWS/MngAws-FrontEnd/BanHoanChinh/src/pages/Accounts.vue">
          <metrics statements="32" coveredstatements="32" conditionals="22" coveredconditionals="22" methods="9" coveredmethods="9"/>
          <line num="109" count="11" type="stmt"/>
          <line num="110" count="11" type="stmt"/>
          <line num="111" count="11" type="stmt"/>
          <line num="118" count="8" type="stmt"/>
          <line num="137" count="3" type="stmt"/>
          <line num="139" count="3" type="stmt"/>
          <line num="149" count="1" type="stmt"/>
          <line num="156" count="1" type="stmt"/>
          <line num="159" count="40" type="cond" truecount="4" falsecount="0"/>
          <line num="160" count="2" type="stmt"/>
          <line num="161" count="2" type="stmt"/>
          <line num="163" count="2" type="cond" truecount="2" falsecount="0"/>
          <line num="164" count="1" type="stmt"/>
          <line num="165" count="1" type="stmt"/>
          <line num="167" count="1" type="stmt"/>
          <line num="171" count="1" type="stmt"/>
          <line num="172" count="1" type="stmt"/>
          <line num="180" count="103" type="cond" truecount="4" falsecount="0"/>
          <line num="181" count="9" type="stmt"/>
          <line num="182" count="6" type="stmt"/>
          <line num="185" count="6" type="cond" truecount="3" falsecount="0"/>
          <line num="186" count="2" type="stmt"/>
          <line num="188" count="60" type="cond" truecount="3" falsecount="0"/>
          <line num="194" count="38" type="cond" truecount="4" falsecount="0"/>
          <line num="195" count="2" type="stmt"/>
          <line num="196" count="2" type="stmt"/>
          <line num="198" count="2" type="cond" truecount="2" falsecount="0"/>
          <line num="199" count="1" type="stmt"/>
          <line num="200" count="3" type="stmt"/>
          <line num="201" count="3" type="stmt"/>
          <line num="204" count="1" type="stmt"/>
          <line num="210" count="8" type="stmt"/>
        </file>
        <file name="Dashboard.vue" path="/home/duyvu/Documents/DuyVu/Manager-AWS/MngAws-FrontEnd/BanHoanChinh/src/pages/Dashboard.vue">
          <metrics statements="26" coveredstatements="26" conditionals="24" coveredconditionals="24" methods="7" coveredmethods="7"/>
          <line num="66" count="11" type="stmt"/>
          <line num="67" count="11" type="stmt"/>
          <line num="68" count="11" type="stmt"/>
          <line num="82" count="5" type="stmt"/>
          <line num="94" count="1" type="stmt"/>
          <line num="96" count="1" type="stmt"/>
          <line num="105" count="71" type="cond" truecount="4" falsecount="0"/>
          <line num="106" count="5" type="stmt"/>
          <line num="107" count="5" type="stmt"/>
          <line num="109" count="5" type="stmt"/>
          <line num="112" count="79" type="cond" truecount="4" falsecount="0"/>
          <line num="113" count="6" type="stmt"/>
          <line num="114" count="5" type="stmt"/>
          <line num="117" count="5" type="cond" truecount="3" falsecount="0"/>
          <line num="118" count="3" type="stmt"/>
          <line num="119" count="87" type="cond" truecount="3" falsecount="0"/>
          <line num="125" count="58" type="cond" truecount="4" falsecount="0"/>
          <line num="126" count="6" type="stmt"/>
          <line num="127" count="2" type="stmt"/>
          <line num="129" count="2" type="cond" truecount="2" falsecount="0"/>
          <line num="130" count="1" type="stmt"/>
          <line num="131" count="3" type="stmt"/>
          <line num="132" count="3" type="stmt"/>
          <line num="135" count="1" type="stmt"/>
          <line num="140" count="64" type="cond" truecount="4" falsecount="0"/>
          <line num="142" count="4" type="stmt"/>
        </file>
        <file name="Instances.vue" path="/home/duyvu/Documents/DuyVu/Manager-AWS/MngAws-FrontEnd/BanHoanChinh/src/pages/Instances.vue">
          <metrics statements="41" coveredstatements="41" conditionals="26" coveredconditionals="25" methods="11" coveredmethods="11"/>
          <line num="125" count="11" type="stmt"/>
          <line num="126" count="11" type="stmt"/>
          <line num="127" count="11" type="stmt"/>
          <line num="133" count="10" type="stmt"/>
          <line num="156" count="5" type="stmt"/>
          <line num="158" count="5" type="stmt"/>
          <line num="167" count="129" type="cond" truecount="4" falsecount="0"/>
          <line num="168" count="11" type="stmt"/>
          <line num="169" count="10" type="stmt"/>
          <line num="172" count="10" type="cond" truecount="3" falsecount="0"/>
          <line num="173" count="2" type="stmt"/>
          <line num="174" count="2" type="stmt"/>
          <line num="175" count="2" type="stmt"/>
          <line num="176" count="2" type="cond" truecount="1" falsecount="1"/>
          <line num="177" count="60" type="cond" truecount="3" falsecount="0"/>
          <line num="186" count="38" type="cond" truecount="4" falsecount="0"/>
          <line num="187" count="2" type="stmt"/>
          <line num="188" count="2" type="stmt"/>
          <line num="190" count="2" type="stmt"/>
          <line num="191" count="2" type="cond" truecount="2" falsecount="0"/>
          <line num="192" count="1" type="stmt"/>
          <line num="193" count="3" type="stmt"/>
          <line num="194" count="3" type="stmt"/>
          <line num="195" count="3" type="stmt"/>
          <line num="196" count="3" type="stmt"/>
          <line num="199" count="1" type="stmt"/>
          <line num="203" count="2" type="stmt"/>
          <line num="204" count="2" type="stmt"/>
          <line num="206" count="2" type="cond" truecount="2" falsecount="0"/>
          <line num="207" count="1" type="stmt"/>
          <line num="208" count="1" type="stmt"/>
          <line num="217" count="2" type="stmt"/>
          <line num="218" count="2" type="stmt"/>
          <line num="220" count="2" type="cond" truecount="2" falsecount="0"/>
          <line num="221" count="1" type="stmt"/>
          <line num="223" count="2" type="stmt"/>
          <line num="232" count="40" type="cond" truecount="4" falsecount="0"/>
          <line num="233" count="2" type="stmt"/>
          <line num="242" count="2" type="stmt"/>
          <line num="244" count="2" type="stmt"/>
          <line num="259" count="10" type="stmt"/>
        </file>
        <file name="Login.vue" path="/home/duyvu/Documents/DuyVu/Manager-AWS/MngAws-FrontEnd/BanHoanChinh/src/pages/Login.vue">
          <metrics statements="19" coveredstatements="19" conditionals="8" coveredconditionals="7" methods="5" coveredmethods="5"/>
          <line num="77" count="11" type="stmt"/>
          <line num="78" count="11" type="stmt"/>
          <line num="79" count="11" type="stmt"/>
          <line num="84" count="4" type="stmt"/>
          <line num="99" count="1" type="stmt"/>
          <line num="101" count="1" type="stmt"/>
          <line num="110" count="40" type="cond" truecount="4" falsecount="0"/>
          <line num="111" count="2" type="stmt"/>
          <line num="113" count="2" type="stmt"/>
          <line num="118" count="2" type="stmt"/>
          <line num="120" count="2" type="cond" truecount="2" falsecount="0"/>
          <line num="122" count="1" type="stmt"/>
          <line num="124" count="1" type="stmt"/>
          <line num="125" count="1" type="stmt"/>
          <line num="127" count="1" type="stmt"/>
          <line num="134" count="1" type="stmt"/>
          <line num="137" count="1" type="stmt"/>
          <line num="138" count="1" type="cond" truecount="1" falsecount="1"/>
          <line num="139" count="1" type="stmt"/>
        </file>
        <file name="Plan.vue" path="/home/duyvu/Documents/DuyVu/Manager-AWS/MngAws-FrontEnd/BanHoanChinh/src/pages/Plan.vue">
          <metrics statements="33" coveredstatements="33" conditionals="24" coveredconditionals="24" methods="10" coveredmethods="10"/>
          <line num="155" count="11" type="stmt"/>
          <line num="156" count="11" type="stmt"/>
          <line num="157" count="11" type="stmt"/>
          <line num="164" count="10" type="stmt"/>
          <line num="185" count="5" type="stmt"/>
          <line num="187" count="5" type="stmt"/>
          <line num="196" count="130" type="cond" truecount="4" falsecount="0"/>
          <line num="197" count="12" type="stmt"/>
          <line num="198" count="12" type="stmt"/>
          <line num="201" count="12" type="cond" truecount="3" falsecount="0"/>
          <line num="202" count="2" type="stmt"/>
          <line num="203" count="2" type="stmt"/>
          <line num="214" count="2" type="stmt"/>
          <line num="215" count="2" type="stmt"/>
          <line num="217" count="2" type="cond" truecount="2" falsecount="0"/>
          <line num="218" count="1" type="stmt"/>
          <line num="220" count="2" type="stmt"/>
          <line num="228" count="61" type="cond" truecount="8" falsecount="0"/>
          <line num="230" count="1" type="stmt"/>
          <line num="234" count="2" type="stmt"/>
          <line num="237" count="1" type="stmt"/>
          <line num="246" count="1" type="stmt"/>
          <line num="253" count="1" type="stmt"/>
          <line num="257" count="1" type="stmt"/>
          <line num="258" count="1" type="stmt"/>
          <line num="262" count="1" type="stmt"/>
          <line num="266" count="44" type="cond" truecount="7" falsecount="0"/>
          <line num="268" count="1" type="stmt"/>
          <line num="272" count="1" type="stmt"/>
          <line num="275" count="1" type="stmt"/>
          <line num="276" count="1" type="stmt"/>
          <line num="282" count="10" type="stmt"/>
          <line num="288" count="2" type="stmt"/>
        </file>
        <file name="Register.vue" path="/home/duyvu/Documents/DuyVu/Manager-AWS/MngAws-FrontEnd/BanHoanChinh/src/pages/Register.vue">
          <metrics statements="24" coveredstatements="24" conditionals="17" coveredconditionals="17" methods="7" coveredmethods="7"/>
          <line num="102" count="11" type="stmt"/>
          <line num="103" count="11" type="stmt"/>
          <line num="104" count="11" type="stmt"/>
          <line num="108" count="9" type="stmt"/>
          <line num="125" count="1" type="stmt"/>
          <line num="127" count="1" type="stmt"/>
          <line num="137" count="2" type="cond" truecount="5" falsecount="0"/>
          <line num="142" count="1" type="stmt"/>
          <line num="144" count="1" type="stmt"/>
          <line num="162" count="40" type="cond" truecount="4" falsecount="0"/>
          <line num="163" count="2" type="stmt"/>
          <line num="167" count="2" type="stmt"/>
          <line num="168" count="2" type="stmt"/>
          <line num="171" count="2" type="cond" truecount="1" falsecount="0"/>
          <line num="172" count="1" type="stmt"/>
          <line num="183" count="49" type="cond" truecount="4" falsecount="0"/>
          <line num="184" count="3" type="stmt"/>
          <line num="189" count="3" type="stmt"/>
          <line num="190" count="3" type="stmt"/>
          <line num="193" count="3" type="cond" truecount="3" falsecount="0"/>
          <line num="194" count="1" type="stmt"/>
          <line num="207" count="9" type="stmt"/>
          <line num="211" count="10" type="stmt"/>
          <line num="212" count="10" type="stmt"/>
        </file>
      </package>
      <package name="pages.Layout">
        <metrics statements="12" coveredstatements="12" conditionals="0" coveredconditionals="0" methods="5" coveredmethods="5"/>
        <file name="DashboardLayout.vue" path="/home/duyvu/Documents/DuyVu/Manager-AWS/MngAws-FrontEnd/BanHoanChinh/src/pages/Layout/DashboardLayout.vue">
          <metrics statements="3" coveredstatements="3" conditionals="0" coveredconditionals="0" methods="0" coveredmethods="0"/>
          <line num="35" count="7" type="stmt"/>
          <line num="36" count="7" type="stmt"/>
          <line num="37" count="7" type="stmt"/>
        </file>
        <file name="TopNavbar.vue" path="/home/duyvu/Documents/DuyVu/Manager-AWS/MngAws-FrontEnd/BanHoanChinh/src/pages/Layout/TopNavbar.vue">
          <metrics statements="9" coveredstatements="9" conditionals="0" coveredconditionals="0" methods="5" coveredmethods="5"/>
          <line num="43" count="11" type="stmt"/>
          <line num="44" count="11" type="stmt"/>
          <line num="47" count="2" type="stmt"/>
          <line num="65" count="1" type="stmt"/>
          <line num="69" count="1" type="stmt"/>
          <line num="71" count="1" type="stmt"/>
          <line num="73" count="1" type="stmt"/>
          <line num="77" count="2" type="stmt"/>
          <line num="78" count="2" type="stmt"/>
        </file>
      </package>
    </metrics>
  </project>
</coverage>
