{"/home/duyvu/Documents/DuyVu/Manager-AWS/MngAws-FrontEnd/BanHoanChinh/src/components/Pagination.vue": {"path":"/home/duyvu/Documents/DuyVu/Manager-AWS/MngAws-FrontEnd/BanHoanChinh/src/components/Pagination.vue","statementMap":{"0":{"start":{"line":43,"column":0},"end":{"line":null,"column":-1}},"1":{"start":{"line":65,"column":0},"end":{"line":null,"column":-1}},"2":{"start":{"line":71,"column":0},"end":{"line":null,"column":-1}},"3":{"start":{"line":77,"column":0},"end":{"line":null,"column":-1}},"4":{"start":{"line":84,"column":0},"end":{"line":null,"column":-1}},"5":{"start":{"line":89,"column":0},"end":{"line":null,"column":-1}}},"fnMap":{"0":{"name":"_default","decl":{"start":{"line":42,"column":0},"end":{"line":null,"column":-1}},"loc":{"start":{"line":42,"column":0},"end":{"line":52,"column":0}}},"1":{"name":"pagesNumber","decl":{"start":{"line":60,"column":0},"end":{"line":null,"column":-1}},"loc":{"start":{"line":60,"column":0},"end":{"line":85,"column":0}}},"2":{"name":"changePage","decl":{"start":{"line":88,"column":0},"end":{"line":null,"column":-1}},"loc":{"start":{"line":88,"column":0},"end":{"line":90,"column":0}}}},"branchMap":{},"s":{"0":1,"1":3,"2":3,"3":3,"4":3,"5":1},"f":{"0":1,"1":3,"2":1},"b":{}}
,"/home/duyvu/Documents/DuyVu/Manager-AWS/MngAws-FrontEnd/BanHoanChinh/src/components/Tables/AccountTable.vue": {"path":"/home/duyvu/Documents/DuyVu/Manager-AWS/MngAws-FrontEnd/BanHoanChinh/src/components/Tables/AccountTable.vue","statementMap":{"0":{"start":{"line":56,"column":0},"end":{"line":null,"column":-1}},"1":{"start":{"line":57,"column":0},"end":{"line":null,"column":-1}},"2":{"start":{"line":58,"column":0},"end":{"line":null,"column":-1}},"3":{"start":{"line":69,"column":0},"end":{"line":null,"column":-1}},"4":{"start":{"line":75,"column":0},"end":{"line":null,"column":-1}},"5":{"start":{"line":81,"column":0},"end":{"line":null,"column":-1}},"6":{"start":{"line":109,"column":0},"end":{"line":null,"column":-1}},"7":{"start":{"line":111,"column":0},"end":{"line":null,"column":-1}},"8":{"start":{"line":121,"column":0},"end":{"line":null,"column":-1}},"9":{"start":{"line":123,"column":0},"end":{"line":129,"column":0}},"10":{"start":{"line":124,"column":0},"end":{"line":null,"column":-1}},"11":{"start":{"line":127,"column":0},"end":{"line":null,"column":-1}},"12":{"start":{"line":133,"column":0},"end":{"line":null,"column":-1}},"13":{"start":{"line":134,"column":0},"end":{"line":null,"column":-1}},"14":{"start":{"line":138,"column":0},"end":{"line":null,"column":-1}},"15":{"start":{"line":141,"column":0},"end":{"line":null,"column":-1}},"16":{"start":{"line":142,"column":0},"end":{"line":null,"column":-1}},"17":{"start":{"line":143,"column":0},"end":{"line":null,"column":-1}},"18":{"start":{"line":146,"column":0},"end":{"line":null,"column":-1}},"19":{"start":{"line":154,"column":0},"end":{"line":null,"column":-1}},"20":{"start":{"line":156,"column":0},"end":{"line":null,"column":-1}},"21":{"start":{"line":159,"column":0},"end":{"line":null,"column":-1}}},"fnMap":{"0":{"name":"_default","decl":{"start":{"line":68,"column":0},"end":{"line":null,"column":-1}},"loc":{"start":{"line":68,"column":0},"end":{"line":70,"column":0}}},"1":{"name":"_default","decl":{"start":{"line":74,"column":0},"end":{"line":null,"column":-1}},"loc":{"start":{"line":74,"column":0},"end":{"line":76,"column":0}}},"2":{"name":"data","decl":{"start":{"line":79,"column":0},"end":{"line":null,"column":-1}},"loc":{"start":{"line":79,"column":0},"end":{"line":105,"column":0}}},"3":{"name":"notifyVue","decl":{"start":{"line":108,"column":0},"end":{"line":null,"column":-1}},"loc":{"start":{"line":108,"column":0},"end":{"line":118,"column":0}}},"4":{"name":"getAccountsShow","decl":{"start":{"line":120,"column":0},"end":{"line":null,"column":-1}},"loc":{"start":{"line":120,"column":0},"end":{"line":130,"column":0}}},"5":{"name":"click_account","decl":{"start":{"line":132,"column":0},"end":{"line":null,"column":-1}},"loc":{"start":{"line":132,"column":0},"end":{"line":135,"column":0}}},"6":{"name":"click_remove","decl":{"start":{"line":137,"column":0},"end":{"line":null,"column":-1}},"loc":{"start":{"line":137,"column":0},"end":{"line":139,"column":0}}},"7":{"name":"(anonymous_15)","decl":{"start":{"line":141,"column":0},"end":{"line":null,"column":-1}},"loc":{"start":{"line":141,"column":0},"end":{"line":null,"column":-1}}},"8":{"name":"accounts","decl":{"start":{"line":153,"column":0},"end":{"line":null,"column":-1}},"loc":{"start":{"line":153,"column":0},"end":{"line":160,"column":0}}}},"branchMap":{"0":{"loc":{"start":{"line":91,"column":0},"end":{"line":null,"column":-1}},"type":"cond-expr","locations":[{"start":{"line":91,"column":0},"end":{"line":null,"column":-1}},{"start":{"line":91,"column":0},"end":{"line":null,"column":-1}}]},"1":{"loc":{"start":{"line":127,"column":0},"end":{"line":null,"column":-1}},"type":"if","locations":[{"start":{"line":127,"column":0},"end":{"line":null,"column":-1}},{"start":{"line":127,"column":0},"end":{"line":null,"column":-1}}]},"2":{"loc":{"start":{"line":141,"column":0},"end":{"line":null,"column":-1}},"type":"switch","locations":[{"start":{"line":141,"column":0},"end":{"line":null,"column":-1}},{"start":{"line":141,"column":0},"end":{"line":146,"column":0}},{"start":{"line":141,"column":0},"end":{"line":null,"column":-1}},{"start":{"line":141,"column":0},"end":{"line":null,"column":-1}}]},"3":{"loc":{"start":{"line":146,"column":0},"end":{"line":null,"column":-1}},"type":"if","locations":[{"start":{"line":146,"column":0},"end":{"line":null,"column":-1}}]},"4":{"loc":{"start":{"line":156,"column":0},"end":{"line":null,"column":-1}},"type":"if","locations":[{"start":{"line":156,"column":0},"end":{"line":null,"column":-1}},{"start":{"line":156,"column":0},"end":{"line":null,"column":-1}}]}},"s":{"0":11,"1":11,"2":11,"3":6,"4":6,"5":6,"6":1,"7":1,"8":4,"9":4,"10":20,"11":29,"12":1,"13":1,"14":1,"15":31,"16":1,"17":1,"18":2,"19":2,"20":4,"21":2},"f":{"0":6,"1":6,"2":6,"3":1,"4":4,"5":1,"6":1,"7":15,"8":2},"b":{"0":[0,6],"1":[9,11],"2":[1,1,1,1],"3":[1],"4":[2,4]}}
,"/home/duyvu/Documents/DuyVu/Manager-AWS/MngAws-FrontEnd/BanHoanChinh/src/components/Tables/InstanceFullTable.vue": {"path":"/home/duyvu/Documents/DuyVu/Manager-AWS/MngAws-FrontEnd/BanHoanChinh/src/components/Tables/InstanceFullTable.vue","statementMap":{"0":{"start":{"line":131,"column":0},"end":{"line":null,"column":-1}},"1":{"start":{"line":132,"column":0},"end":{"line":null,"column":-1}},"2":{"start":{"line":133,"column":0},"end":{"line":null,"column":-1}},"3":{"start":{"line":149,"column":0},"end":{"line":null,"column":-1}},"4":{"start":{"line":154,"column":0},"end":{"line":null,"column":-1}},"5":{"start":{"line":183,"column":0},"end":{"line":null,"column":-1}},"6":{"start":{"line":185,"column":0},"end":{"line":null,"column":-1}},"7":{"start":{"line":195,"column":0},"end":{"line":null,"column":-1}},"8":{"start":{"line":197,"column":0},"end":{"line":204,"column":0}},"9":{"start":{"line":198,"column":0},"end":{"line":null,"column":-1}},"10":{"start":{"line":201,"column":0},"end":{"line":203,"column":0}},"11":{"start":{"line":202,"column":0},"end":{"line":null,"column":-1}},"12":{"start":{"line":208,"column":0},"end":{"line":null,"column":-1}},"13":{"start":{"line":211,"column":0},"end":{"line":null,"column":-1}},"14":{"start":{"line":212,"column":0},"end":{"line":null,"column":-1}},"15":{"start":{"line":213,"column":0},"end":{"line":null,"column":-1}},"16":{"start":{"line":216,"column":0},"end":{"line":null,"column":-1}},"17":{"start":{"line":218,"column":0},"end":{"line":null,"column":-1}},"18":{"start":{"line":227,"column":0},"end":{"line":null,"column":-1}},"19":{"start":{"line":234,"column":0},"end":{"line":null,"column":-1}},"20":{"start":{"line":235,"column":0},"end":{"line":null,"column":-1}},"21":{"start":{"line":238,"column":0},"end":{"line":247,"column":0}},"22":{"start":{"line":239,"column":0},"end":{"line":null,"column":-1}},"23":{"start":{"line":250,"column":0},"end":{"line":null,"column":-1}},"24":{"start":{"line":252,"column":0},"end":{"line":null,"column":-1}},"25":{"start":{"line":261,"column":0},"end":{"line":null,"column":-1}},"26":{"start":{"line":267,"column":0},"end":{"line":null,"column":-1}},"27":{"start":{"line":270,"column":0},"end":{"line":277,"column":0}},"28":{"start":{"line":271,"column":0},"end":{"line":null,"column":-1}},"29":{"start":{"line":282,"column":0},"end":{"line":null,"column":-1}},"30":{"start":{"line":283,"column":0},"end":{"line":null,"column":-1}},"31":{"start":{"line":289,"column":0},"end":{"line":null,"column":-1}},"32":{"start":{"line":292,"column":0},"end":{"line":296,"column":0}},"33":{"start":{"line":293,"column":0},"end":{"line":null,"column":-1}},"34":{"start":{"line":312,"column":0},"end":{"line":null,"column":-1}},"35":{"start":{"line":314,"column":0},"end":{"line":null,"column":-1}},"36":{"start":{"line":316,"column":0},"end":{"line":null,"column":-1}},"37":{"start":{"line":321,"column":0},"end":{"line":null,"column":-1}},"38":{"start":{"line":323,"column":0},"end":{"line":null,"column":-1}},"39":{"start":{"line":326,"column":0},"end":{"line":null,"column":-1}}},"fnMap":{"0":{"name":"_default","decl":{"start":{"line":148,"column":0},"end":{"line":null,"column":-1}},"loc":{"start":{"line":148,"column":0},"end":{"line":150,"column":0}}},"1":{"name":"data","decl":{"start":{"line":153,"column":0},"end":{"line":null,"column":-1}},"loc":{"start":{"line":153,"column":0},"end":{"line":180,"column":0}}},"2":{"name":"notifyVue","decl":{"start":{"line":182,"column":0},"end":{"line":null,"column":-1}},"loc":{"start":{"line":182,"column":0},"end":{"line":192,"column":0}}},"3":{"name":"getInstancesShow","decl":{"start":{"line":194,"column":0},"end":{"line":null,"column":-1}},"loc":{"start":{"line":194,"column":0},"end":{"line":205,"column":0}}},"4":{"name":"implementInstance","decl":{"start":{"line":207,"column":0},"end":{"line":null,"column":-1}},"loc":{"start":{"line":207,"column":0},"end":{"line":214,"column":0}}},"5":{"name":"(anonymous_13)","decl":{"start":{"line":216,"column":0},"end":{"line":null,"column":-1}},"loc":{"start":{"line":216,"column":0},"end":{"line":null,"column":-1}}},"6":{"name":"(anonymous_17)","decl":{"start":{"line":250,"column":0},"end":{"line":null,"column":-1}},"loc":{"start":{"line":250,"column":0},"end":{"line":null,"column":-1}}},"7":{"name":"(anonymous_21)","decl":{"start":{"line":282,"column":0},"end":{"line":null,"column":-1}},"loc":{"start":{"line":282,"column":0},"end":{"line":null,"column":-1}}},"8":{"name":"mounted","decl":{"start":{"line":311,"column":0},"end":{"line":null,"column":-1}},"loc":{"start":{"line":311,"column":0},"end":{"line":317,"column":0}}},"9":{"name":"instances","decl":{"start":{"line":320,"column":0},"end":{"line":null,"column":-1}},"loc":{"start":{"line":320,"column":0},"end":{"line":327,"column":0}}}},"branchMap":{"0":{"loc":{"start":{"line":201,"column":0},"end":{"line":203,"column":0}},"type":"if","locations":[{"start":{"line":201,"column":0},"end":{"line":203,"column":0}},{"start":{"line":201,"column":0},"end":{"line":203,"column":0}}]},"1":{"loc":{"start":{"line":208,"column":0},"end":{"line":null,"column":-1}},"type":"if","locations":[{"start":{"line":208,"column":0},"end":{"line":null,"column":-1}},{"start":{"line":208,"column":0},"end":{"line":null,"column":-1}}]},"2":{"loc":{"start":{"line":216,"column":0},"end":{"line":null,"column":-1}},"type":"switch","locations":[{"start":{"line":216,"column":0},"end":{"line":null,"column":-1}},{"start":{"line":216,"column":0},"end":{"line":null,"column":-1}},{"start":{"line":216,"column":0},"end":{"line":247,"column":0}},{"start":{"line":216,"column":0},"end":{"line":null,"column":-1}},{"start":{"line":216,"column":0},"end":{"line":null,"column":-1}}]},"3":{"loc":{"start":{"line":216,"column":0},"end":{"line":null,"column":-1}},"type":"if","locations":[{"start":{"line":216,"column":0},"end":{"line":null,"column":-1}},{"start":{"line":216,"column":0},"end":{"line":null,"column":-1}}]},"4":{"loc":{"start":{"line":238,"column":0},"end":{"line":247,"column":0}},"type":"if","locations":[{"start":{"line":238,"column":0},"end":{"line":247,"column":0}}]},"5":{"loc":{"start":{"line":250,"column":0},"end":{"line":null,"column":-1}},"type":"switch","locations":[{"start":{"line":250,"column":0},"end":{"line":null,"column":-1}},{"start":{"line":250,"column":0},"end":{"line":null,"column":-1}},{"start":{"line":250,"column":0},"end":{"line":277,"column":0}},{"start":{"line":250,"column":0},"end":{"line":null,"column":-1}},{"start":{"line":250,"column":0},"end":{"line":null,"column":-1}}]},"6":{"loc":{"start":{"line":250,"column":0},"end":{"line":null,"column":-1}},"type":"if","locations":[{"start":{"line":250,"column":0},"end":{"line":null,"column":-1}},{"start":{"line":250,"column":0},"end":{"line":null,"column":-1}}]},"7":{"loc":{"start":{"line":270,"column":0},"end":{"line":277,"column":0}},"type":"if","locations":[{"start":{"line":270,"column":0},"end":{"line":277,"column":0}}]},"8":{"loc":{"start":{"line":282,"column":0},"end":{"line":null,"column":-1}},"type":"switch","locations":[{"start":{"line":282,"column":0},"end":{"line":null,"column":-1}},{"start":{"line":282,"column":0},"end":{"line":296,"column":0}},{"start":{"line":282,"column":0},"end":{"line":null,"column":-1}},{"start":{"line":282,"column":0},"end":{"line":null,"column":-1}}]},"9":{"loc":{"start":{"line":292,"column":0},"end":{"line":296,"column":0}},"type":"if","locations":[{"start":{"line":292,"column":0},"end":{"line":296,"column":0}}]},"10":{"loc":{"start":{"line":314,"column":0},"end":{"line":null,"column":-1}},"type":"if","locations":[{"start":{"line":314,"column":0},"end":{"line":null,"column":-1}},{"start":{"line":314,"column":0},"end":{"line":null,"column":-1}}]},"11":{"loc":{"start":{"line":323,"column":0},"end":{"line":null,"column":-1}},"type":"if","locations":[{"start":{"line":323,"column":0},"end":{"line":null,"column":-1}},{"start":{"line":323,"column":0},"end":{"line":null,"column":-1}}]}},"s":{"0":11,"1":11,"2":11,"3":14,"4":14,"5":1,"6":1,"7":18,"8":18,"9":90,"10":90,"11":9,"12":8,"13":3,"14":3,"15":3,"16":57,"17":1,"18":2,"19":2,"20":2,"21":2,"22":1,"23":57,"24":1,"25":2,"26":2,"27":2,"28":1,"29":40,"30":2,"31":2,"32":2,"33":1,"34":14,"35":28,"36":14,"37":2,"38":4,"39":2},"f":{"0":14,"1":14,"2":1,"3":18,"4":3,"5":23,"6":23,"7":19,"8":14,"9":2},"b":{"0":[9,81],"1":[2,3],"2":[3,2,2,2,3],"3":[2,1],"4":[1],"5":[3,2,2,2,3],"6":[2,1],"7":[1],"8":[2,2,2,2],"9":[1],"10":[14,14],"11":[2,4]}}
,"/home/duyvu/Documents/DuyVu/Manager-AWS/MngAws-FrontEnd/BanHoanChinh/src/components/Tables/InstanceTable.vue": {"path":"/home/duyvu/Documents/DuyVu/Manager-AWS/MngAws-FrontEnd/BanHoanChinh/src/components/Tables/InstanceTable.vue","statementMap":{"0":{"start":{"line":26,"column":0},"end":{"line":null,"column":-1}},"1":{"start":{"line":41,"column":0},"end":{"line":null,"column":-1}},"2":{"start":{"line":46,"column":0},"end":{"line":null,"column":-1}},"3":{"start":{"line":64,"column":0},"end":{"line":null,"column":-1}},"4":{"start":{"line":66,"column":0},"end":{"line":73,"column":0}},"5":{"start":{"line":67,"column":0},"end":{"line":null,"column":-1}},"6":{"start":{"line":70,"column":0},"end":{"line":72,"column":0}},"7":{"start":{"line":71,"column":0},"end":{"line":null,"column":-1}},"8":{"start":{"line":78,"column":0},"end":{"line":null,"column":-1}},"9":{"start":{"line":80,"column":0},"end":{"line":null,"column":-1}},"10":{"start":{"line":82,"column":0},"end":{"line":null,"column":-1}},"11":{"start":{"line":87,"column":0},"end":{"line":null,"column":-1}},"12":{"start":{"line":89,"column":0},"end":{"line":null,"column":-1}},"13":{"start":{"line":92,"column":0},"end":{"line":null,"column":-1}}},"fnMap":{"0":{"name":"_default","decl":{"start":{"line":40,"column":0},"end":{"line":null,"column":-1}},"loc":{"start":{"line":40,"column":0},"end":{"line":42,"column":0}}},"1":{"name":"data","decl":{"start":{"line":45,"column":0},"end":{"line":null,"column":-1}},"loc":{"start":{"line":45,"column":0},"end":{"line":61,"column":0}}},"2":{"name":"getInstancesShow","decl":{"start":{"line":63,"column":0},"end":{"line":null,"column":-1}},"loc":{"start":{"line":63,"column":0},"end":{"line":74,"column":0}}},"3":{"name":"mounted","decl":{"start":{"line":77,"column":0},"end":{"line":null,"column":-1}},"loc":{"start":{"line":77,"column":0},"end":{"line":83,"column":0}}},"4":{"name":"instances_choosed","decl":{"start":{"line":86,"column":0},"end":{"line":null,"column":-1}},"loc":{"start":{"line":86,"column":0},"end":{"line":93,"column":0}}}},"branchMap":{"0":{"loc":{"start":{"line":70,"column":0},"end":{"line":72,"column":0}},"type":"if","locations":[{"start":{"line":70,"column":0},"end":{"line":72,"column":0}},{"start":{"line":70,"column":0},"end":{"line":72,"column":0}}]},"1":{"loc":{"start":{"line":80,"column":0},"end":{"line":null,"column":-1}},"type":"if","locations":[{"start":{"line":80,"column":0},"end":{"line":null,"column":-1}},{"start":{"line":80,"column":0},"end":{"line":null,"column":-1}}]},"2":{"loc":{"start":{"line":89,"column":0},"end":{"line":null,"column":-1}},"type":"if","locations":[{"start":{"line":89,"column":0},"end":{"line":null,"column":-1}},{"start":{"line":89,"column":0},"end":{"line":null,"column":-1}}]}},"s":{"0":11,"1":2,"2":2,"3":6,"4":6,"5":30,"6":30,"7":9,"8":2,"9":4,"10":2,"11":2,"12":4,"13":2},"f":{"0":2,"1":2,"2":6,"3":2,"4":2},"b":{"0":[9,21],"1":[2,2],"2":[2,4]}}
,"/home/duyvu/Documents/DuyVu/Manager-AWS/MngAws-FrontEnd/BanHoanChinh/src/components/Tables/PlanTable.vue": {"path":"/home/duyvu/Documents/DuyVu/Manager-AWS/MngAws-FrontEnd/BanHoanChinh/src/components/Tables/PlanTable.vue","statementMap":{"0":{"start":{"line":52,"column":0},"end":{"line":null,"column":-1}},"1":{"start":{"line":66,"column":0},"end":{"line":null,"column":-1}},"2":{"start":{"line":71,"column":0},"end":{"line":null,"column":-1}},"3":{"start":{"line":94,"column":0},"end":{"line":null,"column":-1}},"4":{"start":{"line":95,"column":0},"end":{"line":null,"column":-1}},"5":{"start":{"line":99,"column":0},"end":{"line":101,"column":0}},"6":{"start":{"line":100,"column":0},"end":{"line":null,"column":-1}},"7":{"start":{"line":103,"column":0},"end":{"line":null,"column":-1}},"8":{"start":{"line":107,"column":0},"end":{"line":null,"column":-1}},"9":{"start":{"line":108,"column":0},"end":{"line":115,"column":0}},"10":{"start":{"line":109,"column":0},"end":{"line":null,"column":-1}},"11":{"start":{"line":112,"column":0},"end":{"line":114,"column":0}},"12":{"start":{"line":113,"column":0},"end":{"line":null,"column":-1}},"13":{"start":{"line":119,"column":0},"end":{"line":null,"column":-1}},"14":{"start":{"line":130,"column":0},"end":{"line":null,"column":-1}},"15":{"start":{"line":132,"column":0},"end":{"line":null,"column":-1}},"16":{"start":{"line":135,"column":0},"end":{"line":null,"column":-1}}},"fnMap":{"0":{"name":"_default","decl":{"start":{"line":65,"column":0},"end":{"line":null,"column":-1}},"loc":{"start":{"line":65,"column":0},"end":{"line":67,"column":0}}},"1":{"name":"data","decl":{"start":{"line":70,"column":0},"end":{"line":null,"column":-1}},"loc":{"start":{"line":70,"column":0},"end":{"line":90,"column":0}}},"2":{"name":"emit_event_click_row","decl":{"start":{"line":93,"column":0},"end":{"line":null,"column":-1}},"loc":{"start":{"line":93,"column":0},"end":{"line":96,"column":0}}},"3":{"name":"plan_choosing","decl":{"start":{"line":98,"column":0},"end":{"line":null,"column":-1}},"loc":{"start":{"line":98,"column":0},"end":{"line":104,"column":0}}},"4":{"name":"getPlanShow","decl":{"start":{"line":106,"column":0},"end":{"line":null,"column":-1}},"loc":{"start":{"line":106,"column":0},"end":{"line":116,"column":0}}},"5":{"name":"setPages","decl":{"start":{"line":118,"column":0},"end":{"line":null,"column":-1}},"loc":{"start":{"line":118,"column":0},"end":{"line":125,"column":0}}},"6":{"name":"plans","decl":{"start":{"line":129,"column":0},"end":{"line":null,"column":-1}},"loc":{"start":{"line":129,"column":0},"end":{"line":136,"column":0}}}},"branchMap":{"0":{"loc":{"start":{"line":99,"column":0},"end":{"line":101,"column":0}},"type":"if","locations":[{"start":{"line":99,"column":0},"end":{"line":101,"column":0}},{"start":{"line":99,"column":0},"end":{"line":101,"column":0}}]},"1":{"loc":{"start":{"line":112,"column":0},"end":{"line":114,"column":0}},"type":"if","locations":[{"start":{"line":112,"column":0},"end":{"line":114,"column":0}},{"start":{"line":112,"column":0},"end":{"line":114,"column":0}}]},"2":{"loc":{"start":{"line":132,"column":0},"end":{"line":null,"column":-1}},"type":"if","locations":[{"start":{"line":132,"column":0},"end":{"line":null,"column":-1}},{"start":{"line":132,"column":0},"end":{"line":null,"column":-1}}]}},"s":{"0":11,"1":6,"2":6,"3":1,"4":1,"5":2,"6":1,"7":1,"8":4,"9":4,"10":32,"11":32,"12":12,"13":1,"14":2,"15":4,"16":2},"f":{"0":6,"1":6,"2":1,"3":2,"4":4,"5":1,"6":2},"b":{"0":[1,1],"1":[12,20],"2":[2,4]}}
,"/home/duyvu/Documents/DuyVu/Manager-AWS/MngAws-FrontEnd/BanHoanChinh/src/pages/Accounts.vue": {"path":"/home/duyvu/Documents/DuyVu/Manager-AWS/MngAws-FrontEnd/BanHoanChinh/src/pages/Accounts.vue","statementMap":{"0":{"start":{"line":109,"column":0},"end":{"line":null,"column":-1}},"1":{"start":{"line":110,"column":0},"end":{"line":null,"column":-1}},"2":{"start":{"line":111,"column":0},"end":{"line":null,"column":-1}},"3":{"start":{"line":118,"column":0},"end":{"line":null,"column":-1}},"4":{"start":{"line":137,"column":0},"end":{"line":null,"column":-1}},"5":{"start":{"line":139,"column":0},"end":{"line":null,"column":-1}},"6":{"start":{"line":149,"column":0},"end":{"line":null,"column":-1}},"7":{"start":{"line":156,"column":0},"end":{"line":null,"column":-1}},"8":{"start":{"line":159,"column":0},"end":{"line":null,"column":-1}},"9":{"start":{"line":160,"column":0},"end":{"line":null,"column":-1}},"10":{"start":{"line":161,"column":0},"end":{"line":null,"column":-1}},"11":{"start":{"line":163,"column":0},"end":{"line":168,"column":0}},"12":{"start":{"line":164,"column":0},"end":{"line":null,"column":-1}},"13":{"start":{"line":165,"column":0},"end":{"line":null,"column":-1}},"14":{"start":{"line":167,"column":0},"end":{"line":null,"column":-1}},"15":{"start":{"line":171,"column":0},"end":{"line":null,"column":-1}},"16":{"start":{"line":172,"column":0},"end":{"line":null,"column":-1}},"17":{"start":{"line":180,"column":0},"end":{"line":null,"column":-1}},"18":{"start":{"line":181,"column":0},"end":{"line":null,"column":-1}},"19":{"start":{"line":182,"column":0},"end":{"line":null,"column":-1}},"20":{"start":{"line":185,"column":0},"end":{"line":191,"column":0}},"21":{"start":{"line":186,"column":0},"end":{"line":null,"column":-1}},"22":{"start":{"line":188,"column":0},"end":{"line":null,"column":-1}},"23":{"start":{"line":194,"column":0},"end":{"line":null,"column":-1}},"24":{"start":{"line":195,"column":0},"end":{"line":null,"column":-1}},"25":{"start":{"line":194,"column":0},"end":{"line":196,"column":0}},"26":{"start":{"line":196,"column":0},"end":{"line":null,"column":-1}},"27":{"start":{"line":198,"column":0},"end":{"line":205,"column":0}},"28":{"start":{"line":199,"column":0},"end":{"line":202,"column":0}},"29":{"start":{"line":200,"column":0},"end":{"line":null,"column":-1}},"30":{"start":{"line":201,"column":0},"end":{"line":null,"column":-1}},"31":{"start":{"line":204,"column":0},"end":{"line":null,"column":-1}},"32":{"start":{"line":210,"column":0},"end":{"line":null,"column":-1}}},"fnMap":{"0":{"name":"data","decl":{"start":{"line":117,"column":0},"end":{"line":null,"column":-1}},"loc":{"start":{"line":117,"column":0},"end":{"line":133,"column":0}}},"1":{"name":"notifyVue","decl":{"start":{"line":136,"column":0},"end":{"line":null,"column":-1}},"loc":{"start":{"line":136,"column":0},"end":{"line":146,"column":0}}},"2":{"name":"click_accept_add","decl":{"start":{"line":148,"column":0},"end":{"line":null,"column":-1}},"loc":{"start":{"line":148,"column":0},"end":{"line":157,"column":0}}},"3":{"name":"(anonymous_11)","decl":{"start":{"line":159,"column":0},"end":{"line":null,"column":-1}},"loc":{"start":{"line":159,"column":0},"end":{"line":null,"column":-1}}},"4":{"name":"click_an_account","decl":{"start":{"line":171,"column":0},"end":{"line":null,"column":-1}},"loc":{"start":{"line":171,"column":0},"end":{"line":178,"column":0}}},"5":{"name":"(anonymous_16)","decl":{"start":{"line":180,"column":0},"end":{"line":null,"column":-1}},"loc":{"start":{"line":180,"column":0},"end":{"line":null,"column":-1}}},"6":{"name":"(anonymous_19)","decl":{"start":{"line":188,"column":0},"end":{"line":null,"column":-1}},"loc":{"start":{"line":188,"column":0},"end":{"line":null,"column":-1}}},"7":{"name":"(anonymous_24)","decl":{"start":{"line":194,"column":0},"end":{"line":null,"column":-1}},"loc":{"start":{"line":194,"column":0},"end":{"line":null,"column":-1}}},"8":{"name":"mounted","decl":{"start":{"line":209,"column":0},"end":{"line":null,"column":-1}},"loc":{"start":{"line":209,"column":0},"end":{"line":211,"column":0}}}},"branchMap":{"0":{"loc":{"start":{"line":159,"column":0},"end":{"line":null,"column":-1}},"type":"switch","locations":[{"start":{"line":159,"column":0},"end":{"line":null,"column":-1}},{"start":{"line":159,"column":0},"end":{"line":168,"column":0}},{"start":{"line":159,"column":0},"end":{"line":null,"column":-1}},{"start":{"line":159,"column":0},"end":{"line":null,"column":-1}}]},"1":{"loc":{"start":{"line":163,"column":0},"end":{"line":168,"column":0}},"type":"if","locations":[{"start":{"line":163,"column":0},"end":{"line":168,"column":0}},{"start":{"line":163,"column":0},"end":{"line":168,"column":0}}]},"2":{"loc":{"start":{"line":180,"column":0},"end":{"line":null,"column":-1}},"type":"switch","locations":[{"start":{"line":180,"column":0},"end":{"line":null,"column":-1}},{"start":{"line":180,"column":0},"end":{"line":191,"column":0}},{"start":{"line":180,"column":0},"end":{"line":null,"column":-1}},{"start":{"line":180,"column":0},"end":{"line":null,"column":-1}}]},"3":{"loc":{"start":{"line":185,"column":0},"end":{"line":191,"column":0}},"type":"if","locations":[{"start":{"line":185,"column":0},"end":{"line":191,"column":0}}]},"4":{"loc":{"start":{"line":185,"column":0},"end":{"line":null,"column":-1}},"type":"binary-expr","locations":[{"start":{"line":185,"column":0},"end":{"line":null,"column":-1}},{"start":{"line":185,"column":0},"end":{"line":null,"column":-1}}]},"5":{"loc":{"start":{"line":188,"column":0},"end":{"line":null,"column":-1}},"type":"switch","locations":[{"start":{"line":188,"column":0},"end":{"line":null,"column":-1}},{"start":{"line":188,"column":0},"end":{"line":null,"column":-1}},{"start":{"line":188,"column":0},"end":{"line":null,"column":-1}}]},"6":{"loc":{"start":{"line":194,"column":0},"end":{"line":196,"column":0}},"type":"switch","locations":[{"start":{"line":194,"column":0},"end":{"line":196,"column":0}},{"start":{"line":194,"column":0},"end":{"line":205,"column":0}},{"start":{"line":194,"column":0},"end":{"line":null,"column":-1}},{"start":{"line":194,"column":0},"end":{"line":null,"column":-1}}]},"7":{"loc":{"start":{"line":198,"column":0},"end":{"line":205,"column":0}},"type":"if","locations":[{"start":{"line":198,"column":0},"end":{"line":205,"column":0}},{"start":{"line":198,"column":0},"end":{"line":205,"column":0}}]}},"s":{"0":11,"1":11,"2":11,"3":8,"4":3,"5":3,"6":1,"7":1,"8":40,"9":2,"10":2,"11":2,"12":1,"13":1,"14":1,"15":1,"16":1,"17":103,"18":9,"19":6,"20":6,"21":2,"22":60,"23":38,"24":2,"25":2,"26":2,"27":2,"28":1,"29":3,"30":3,"31":1,"32":8},"f":{"0":8,"1":3,"2":1,"3":19,"4":1,"5":44,"6":26,"7":19,"8":8},"b":{"0":[2,2,2,2],"1":[1,1],"2":[9,6,6,6],"3":[2],"4":[6,2],"5":[6,6,6],"6":[2,2,2,2],"7":[1,1]}}
,"/home/duyvu/Documents/DuyVu/Manager-AWS/MngAws-FrontEnd/BanHoanChinh/src/pages/Dashboard.vue": {"path":"/home/duyvu/Documents/DuyVu/Manager-AWS/MngAws-FrontEnd/BanHoanChinh/src/pages/Dashboard.vue","statementMap":{"0":{"start":{"line":66,"column":0},"end":{"line":null,"column":-1}},"1":{"start":{"line":67,"column":0},"end":{"line":null,"column":-1}},"2":{"start":{"line":68,"column":0},"end":{"line":null,"column":-1}},"3":{"start":{"line":82,"column":0},"end":{"line":null,"column":-1}},"4":{"start":{"line":94,"column":0},"end":{"line":null,"column":-1}},"5":{"start":{"line":96,"column":0},"end":{"line":null,"column":-1}},"6":{"start":{"line":105,"column":0},"end":{"line":null,"column":-1}},"7":{"start":{"line":106,"column":0},"end":{"line":null,"column":-1}},"8":{"start":{"line":107,"column":0},"end":{"line":null,"column":-1}},"9":{"start":{"line":109,"column":0},"end":{"line":null,"column":-1}},"10":{"start":{"line":112,"column":0},"end":{"line":null,"column":-1}},"11":{"start":{"line":113,"column":0},"end":{"line":null,"column":-1}},"12":{"start":{"line":114,"column":0},"end":{"line":null,"column":-1}},"13":{"start":{"line":117,"column":0},"end":{"line":122,"column":0}},"14":{"start":{"line":118,"column":0},"end":{"line":null,"column":-1}},"15":{"start":{"line":119,"column":0},"end":{"line":null,"column":-1}},"16":{"start":{"line":125,"column":0},"end":{"line":null,"column":-1}},"17":{"start":{"line":126,"column":0},"end":{"line":null,"column":-1}},"18":{"start":{"line":125,"column":0},"end":{"line":127,"column":0}},"19":{"start":{"line":127,"column":0},"end":{"line":null,"column":-1}},"20":{"start":{"line":129,"column":0},"end":{"line":136,"column":0}},"21":{"start":{"line":130,"column":0},"end":{"line":133,"column":0}},"22":{"start":{"line":131,"column":0},"end":{"line":null,"column":-1}},"23":{"start":{"line":132,"column":0},"end":{"line":null,"column":-1}},"24":{"start":{"line":135,"column":0},"end":{"line":null,"column":-1}},"25":{"start":{"line":140,"column":0},"end":{"line":null,"column":-1}},"26":{"start":{"line":142,"column":0},"end":{"line":null,"column":-1}}},"fnMap":{"0":{"name":"data","decl":{"start":{"line":81,"column":0},"end":{"line":null,"column":-1}},"loc":{"start":{"line":81,"column":0},"end":{"line":91,"column":0}}},"1":{"name":"notifyVue","decl":{"start":{"line":93,"column":0},"end":{"line":null,"column":-1}},"loc":{"start":{"line":93,"column":0},"end":{"line":103,"column":0}}},"2":{"name":"(anonymous_10)","decl":{"start":{"line":105,"column":0},"end":{"line":null,"column":-1}},"loc":{"start":{"line":105,"column":0},"end":{"line":null,"column":-1}}},"3":{"name":"(anonymous_14)","decl":{"start":{"line":112,"column":0},"end":{"line":null,"column":-1}},"loc":{"start":{"line":112,"column":0},"end":{"line":null,"column":-1}}},"4":{"name":"(anonymous_17)","decl":{"start":{"line":119,"column":0},"end":{"line":null,"column":-1}},"loc":{"start":{"line":119,"column":0},"end":{"line":null,"column":-1}}},"5":{"name":"(anonymous_22)","decl":{"start":{"line":125,"column":0},"end":{"line":null,"column":-1}},"loc":{"start":{"line":125,"column":0},"end":{"line":null,"column":-1}}},"6":{"name":"(anonymous_26)","decl":{"start":{"line":140,"column":0},"end":{"line":null,"column":-1}},"loc":{"start":{"line":140,"column":0},"end":{"line":null,"column":-1}}}},"branchMap":{"0":{"loc":{"start":{"line":105,"column":0},"end":{"line":null,"column":-1}},"type":"switch","locations":[{"start":{"line":105,"column":0},"end":{"line":null,"column":-1}},{"start":{"line":105,"column":0},"end":{"line":109,"column":0}},{"start":{"line":105,"column":0},"end":{"line":null,"column":-1}},{"start":{"line":105,"column":0},"end":{"line":null,"column":-1}}]},"1":{"loc":{"start":{"line":112,"column":0},"end":{"line":null,"column":-1}},"type":"switch","locations":[{"start":{"line":112,"column":0},"end":{"line":null,"column":-1}},{"start":{"line":112,"column":0},"end":{"line":122,"column":0}},{"start":{"line":112,"column":0},"end":{"line":null,"column":-1}},{"start":{"line":112,"column":0},"end":{"line":null,"column":-1}}]},"2":{"loc":{"start":{"line":117,"column":0},"end":{"line":122,"column":0}},"type":"if","locations":[{"start":{"line":117,"column":0},"end":{"line":122,"column":0}}]},"3":{"loc":{"start":{"line":117,"column":0},"end":{"line":null,"column":-1}},"type":"binary-expr","locations":[{"start":{"line":117,"column":0},"end":{"line":null,"column":-1}},{"start":{"line":117,"column":0},"end":{"line":null,"column":-1}}]},"4":{"loc":{"start":{"line":119,"column":0},"end":{"line":null,"column":-1}},"type":"switch","locations":[{"start":{"line":119,"column":0},"end":{"line":null,"column":-1}},{"start":{"line":119,"column":0},"end":{"line":null,"column":-1}},{"start":{"line":119,"column":0},"end":{"line":null,"column":-1}}]},"5":{"loc":{"start":{"line":125,"column":0},"end":{"line":127,"column":0}},"type":"switch","locations":[{"start":{"line":125,"column":0},"end":{"line":127,"column":0}},{"start":{"line":125,"column":0},"end":{"line":136,"column":0}},{"start":{"line":125,"column":0},"end":{"line":null,"column":-1}},{"start":{"line":125,"column":0},"end":{"line":null,"column":-1}}]},"6":{"loc":{"start":{"line":129,"column":0},"end":{"line":136,"column":0}},"type":"if","locations":[{"start":{"line":129,"column":0},"end":{"line":136,"column":0}},{"start":{"line":129,"column":0},"end":{"line":136,"column":0}}]},"7":{"loc":{"start":{"line":140,"column":0},"end":{"line":null,"column":-1}},"type":"switch","locations":[{"start":{"line":140,"column":0},"end":{"line":null,"column":-1}},{"start":{"line":140,"column":0},"end":{"line":142,"column":0}},{"start":{"line":140,"column":0},"end":{"line":null,"column":-1}},{"start":{"line":140,"column":0},"end":{"line":null,"column":-1}}]}},"s":{"0":11,"1":11,"2":11,"3":5,"4":1,"5":1,"6":71,"7":5,"8":5,"9":5,"10":79,"11":6,"12":5,"13":5,"14":3,"15":87,"16":58,"17":6,"18":6,"19":2,"20":2,"21":1,"22":3,"23":3,"24":1,"25":64,"26":4},"f":{"0":5,"1":1,"2":33,"3":34,"4":39,"5":31,"6":30},"b":{"0":[5,5,3,5],"1":[6,5,5,5],"2":[3],"3":[5,3],"4":[10,6,6],"5":[6,2,2,2],"6":[1,1],"7":[5,4,4,4]}}
,"/home/duyvu/Documents/DuyVu/Manager-AWS/MngAws-FrontEnd/BanHoanChinh/src/pages/Instances.vue": {"path":"/home/duyvu/Documents/DuyVu/Manager-AWS/MngAws-FrontEnd/BanHoanChinh/src/pages/Instances.vue","statementMap":{"0":{"start":{"line":125,"column":0},"end":{"line":null,"column":-1}},"1":{"start":{"line":126,"column":0},"end":{"line":null,"column":-1}},"2":{"start":{"line":127,"column":0},"end":{"line":null,"column":-1}},"3":{"start":{"line":133,"column":0},"end":{"line":null,"column":-1}},"4":{"start":{"line":156,"column":0},"end":{"line":null,"column":-1}},"5":{"start":{"line":158,"column":0},"end":{"line":null,"column":-1}},"6":{"start":{"line":167,"column":0},"end":{"line":null,"column":-1}},"7":{"start":{"line":168,"column":0},"end":{"line":null,"column":-1}},"8":{"start":{"line":169,"column":0},"end":{"line":null,"column":-1}},"9":{"start":{"line":172,"column":0},"end":{"line":183,"column":0}},"10":{"start":{"line":173,"column":0},"end":{"line":null,"column":-1}},"11":{"start":{"line":174,"column":0},"end":{"line":null,"column":-1}},"12":{"start":{"line":175,"column":0},"end":{"line":null,"column":-1}},"13":{"start":{"line":176,"column":0},"end":{"line":null,"column":-1}},"14":{"start":{"line":177,"column":0},"end":{"line":null,"column":-1}},"15":{"start":{"line":186,"column":0},"end":{"line":null,"column":-1}},"16":{"start":{"line":187,"column":0},"end":{"line":null,"column":-1}},"17":{"start":{"line":186,"column":0},"end":{"line":188,"column":0}},"18":{"start":{"line":188,"column":0},"end":{"line":null,"column":-1}},"19":{"start":{"line":190,"column":0},"end":{"line":null,"column":-1}},"20":{"start":{"line":191,"column":0},"end":{"line":200,"column":0}},"21":{"start":{"line":192,"column":0},"end":{"line":197,"column":0}},"22":{"start":{"line":193,"column":0},"end":{"line":null,"column":-1}},"23":{"start":{"line":194,"column":0},"end":{"line":null,"column":-1}},"24":{"start":{"line":195,"column":0},"end":{"line":null,"column":-1}},"25":{"start":{"line":196,"column":0},"end":{"line":null,"column":-1}},"26":{"start":{"line":199,"column":0},"end":{"line":null,"column":-1}},"27":{"start":{"line":203,"column":0},"end":{"line":null,"column":-1}},"28":{"start":{"line":204,"column":0},"end":{"line":null,"column":-1}},"29":{"start":{"line":206,"column":0},"end":{"line":214,"column":0}},"30":{"start":{"line":207,"column":0},"end":{"line":null,"column":-1}},"31":{"start":{"line":208,"column":0},"end":{"line":214,"column":0}},"32":{"start":{"line":217,"column":0},"end":{"line":null,"column":-1}},"33":{"start":{"line":218,"column":0},"end":{"line":null,"column":-1}},"34":{"start":{"line":220,"column":0},"end":{"line":222,"column":0}},"35":{"start":{"line":221,"column":0},"end":{"line":null,"column":-1}},"36":{"start":{"line":223,"column":0},"end":{"line":229,"column":0}},"37":{"start":{"line":232,"column":0},"end":{"line":null,"column":-1}},"38":{"start":{"line":233,"column":0},"end":{"line":null,"column":-1}},"39":{"start":{"line":242,"column":0},"end":{"line":null,"column":-1}},"40":{"start":{"line":244,"column":0},"end":{"line":null,"column":-1}},"41":{"start":{"line":259,"column":0},"end":{"line":null,"column":-1}}},"fnMap":{"0":{"name":"data","decl":{"start":{"line":132,"column":0},"end":{"line":null,"column":-1}},"loc":{"start":{"line":132,"column":0},"end":{"line":153,"column":0}}},"1":{"name":"notifyVue","decl":{"start":{"line":155,"column":0},"end":{"line":null,"column":-1}},"loc":{"start":{"line":155,"column":0},"end":{"line":165,"column":0}}},"2":{"name":"(anonymous_10)","decl":{"start":{"line":167,"column":0},"end":{"line":null,"column":-1}},"loc":{"start":{"line":167,"column":0},"end":{"line":null,"column":-1}}},"3":{"name":"(anonymous_13)","decl":{"start":{"line":177,"column":0},"end":{"line":null,"column":-1}},"loc":{"start":{"line":177,"column":0},"end":{"line":null,"column":-1}}},"4":{"name":"(anonymous_18)","decl":{"start":{"line":186,"column":0},"end":{"line":null,"column":-1}},"loc":{"start":{"line":186,"column":0},"end":{"line":null,"column":-1}}},"5":{"name":"doSearchByKey","decl":{"start":{"line":203,"column":0},"end":{"line":null,"column":-1}},"loc":{"start":{"line":203,"column":0},"end":{"line":215,"column":0}}},"6":{"name":"(anonymous_23)","decl":{"start":{"line":208,"column":0},"end":{"line":null,"column":-1}},"loc":{"start":{"line":208,"column":0},"end":{"line":214,"column":0}}},"7":{"name":"doSearchByAccount","decl":{"start":{"line":217,"column":0},"end":{"line":null,"column":-1}},"loc":{"start":{"line":217,"column":0},"end":{"line":230,"column":0}}},"8":{"name":"(anonymous_25)","decl":{"start":{"line":223,"column":0},"end":{"line":null,"column":-1}},"loc":{"start":{"line":223,"column":0},"end":{"line":229,"column":0}}},"9":{"name":"(anonymous_26)","decl":{"start":{"line":232,"column":0},"end":{"line":null,"column":-1}},"loc":{"start":{"line":232,"column":0},"end":{"line":null,"column":-1}}},"10":{"name":"mounted","decl":{"start":{"line":258,"column":0},"end":{"line":null,"column":-1}},"loc":{"start":{"line":258,"column":0},"end":{"line":260,"column":0}}}},"branchMap":{"0":{"loc":{"start":{"line":167,"column":0},"end":{"line":null,"column":-1}},"type":"switch","locations":[{"start":{"line":167,"column":0},"end":{"line":null,"column":-1}},{"start":{"line":167,"column":0},"end":{"line":183,"column":0}},{"start":{"line":167,"column":0},"end":{"line":null,"column":-1}},{"start":{"line":167,"column":0},"end":{"line":null,"column":-1}}]},"1":{"loc":{"start":{"line":172,"column":0},"end":{"line":183,"column":0}},"type":"if","locations":[{"start":{"line":172,"column":0},"end":{"line":183,"column":0}}]},"2":{"loc":{"start":{"line":172,"column":0},"end":{"line":null,"column":-1}},"type":"binary-expr","locations":[{"start":{"line":172,"column":0},"end":{"line":null,"column":-1}},{"start":{"line":172,"column":0},"end":{"line":null,"column":-1}}]},"3":{"loc":{"start":{"line":176,"column":0},"end":{"line":null,"column":-1}},"type":"if","locations":[{"start":{"line":176,"column":0},"end":{"line":null,"column":-1}},{"start":{"line":176,"column":0},"end":{"line":null,"column":-1}}]},"4":{"loc":{"start":{"line":177,"column":0},"end":{"line":null,"column":-1}},"type":"switch","locations":[{"start":{"line":177,"column":0},"end":{"line":null,"column":-1}},{"start":{"line":177,"column":0},"end":{"line":null,"column":-1}},{"start":{"line":177,"column":0},"end":{"line":null,"column":-1}}]},"5":{"loc":{"start":{"line":186,"column":0},"end":{"line":188,"column":0}},"type":"switch","locations":[{"start":{"line":186,"column":0},"end":{"line":188,"column":0}},{"start":{"line":186,"column":0},"end":{"line":200,"column":0}},{"start":{"line":186,"column":0},"end":{"line":null,"column":-1}},{"start":{"line":186,"column":0},"end":{"line":null,"column":-1}}]},"6":{"loc":{"start":{"line":191,"column":0},"end":{"line":200,"column":0}},"type":"if","locations":[{"start":{"line":191,"column":0},"end":{"line":200,"column":0}},{"start":{"line":191,"column":0},"end":{"line":200,"column":0}}]},"7":{"loc":{"start":{"line":206,"column":0},"end":{"line":214,"column":0}},"type":"if","locations":[{"start":{"line":206,"column":0},"end":{"line":214,"column":0}},{"start":{"line":206,"column":0},"end":{"line":214,"column":0}}]},"8":{"loc":{"start":{"line":220,"column":0},"end":{"line":222,"column":0}},"type":"if","locations":[{"start":{"line":220,"column":0},"end":{"line":222,"column":0}},{"start":{"line":220,"column":0},"end":{"line":222,"column":0}}]},"9":{"loc":{"start":{"line":232,"column":0},"end":{"line":null,"column":-1}},"type":"switch","locations":[{"start":{"line":232,"column":0},"end":{"line":null,"column":-1}},{"start":{"line":232,"column":0},"end":{"line":255,"column":0}},{"start":{"line":232,"column":0},"end":{"line":null,"column":-1}},{"start":{"line":232,"column":0},"end":{"line":null,"column":-1}}]}},"s":{"0":11,"1":11,"2":11,"3":10,"4":5,"5":5,"6":129,"7":11,"8":10,"9":10,"10":2,"11":2,"12":2,"13":2,"14":60,"15":38,"16":2,"17":2,"18":2,"19":2,"20":2,"21":1,"22":3,"23":3,"24":3,"25":3,"26":1,"27":2,"28":2,"29":2,"30":1,"31":1,"32":2,"33":2,"34":2,"35":1,"36":2,"37":40,"38":2,"39":2,"40":2,"41":10},"f":{"0":10,"1":5,"2":54,"3":26,"4":19,"5":2,"6":3,"7":2,"8":6,"9":19,"10":10},"b":{"0":[11,10,10,10],"1":[2],"2":[10,2],"3":[0,2],"4":[6,6,6],"5":[2,2,2,2],"6":[1,1],"7":[1,1],"8":[1,1],"9":[2,2,2,2]}}
,"/home/duyvu/Documents/DuyVu/Manager-AWS/MngAws-FrontEnd/BanHoanChinh/src/pages/Login.vue": {"path":"/home/duyvu/Documents/DuyVu/Manager-AWS/MngAws-FrontEnd/BanHoanChinh/src/pages/Login.vue","statementMap":{"0":{"start":{"line":77,"column":0},"end":{"line":null,"column":-1}},"1":{"start":{"line":78,"column":0},"end":{"line":null,"column":-1}},"2":{"start":{"line":79,"column":0},"end":{"line":null,"column":-1}},"3":{"start":{"line":84,"column":0},"end":{"line":null,"column":-1}},"4":{"start":{"line":99,"column":0},"end":{"line":null,"column":-1}},"5":{"start":{"line":101,"column":0},"end":{"line":null,"column":-1}},"6":{"start":{"line":110,"column":0},"end":{"line":null,"column":-1}},"7":{"start":{"line":111,"column":0},"end":{"line":null,"column":-1}},"8":{"start":{"line":113,"column":0},"end":{"line":null,"column":-1}},"9":{"start":{"line":118,"column":0},"end":{"line":null,"column":-1}},"10":{"start":{"line":120,"column":0},"end":{"line":143,"column":0}},"11":{"start":{"line":122,"column":0},"end":{"line":null,"column":-1}},"12":{"start":{"line":124,"column":0},"end":{"line":null,"column":-1}},"13":{"start":{"line":125,"column":0},"end":{"line":null,"column":-1}},"14":{"start":{"line":127,"column":0},"end":{"line":null,"column":-1}},"15":{"start":{"line":134,"column":0},"end":{"line":null,"column":-1}},"16":{"start":{"line":137,"column":0},"end":{"line":null,"column":-1}},"17":{"start":{"line":138,"column":0},"end":{"line":143,"column":0}},"18":{"start":{"line":139,"column":0},"end":{"line":null,"column":-1}}},"fnMap":{"0":{"name":"data","decl":{"start":{"line":83,"column":0},"end":{"line":null,"column":-1}},"loc":{"start":{"line":83,"column":0},"end":{"line":95,"column":0}}},"1":{"name":"notifyVue","decl":{"start":{"line":98,"column":0},"end":{"line":null,"column":-1}},"loc":{"start":{"line":98,"column":0},"end":{"line":108,"column":0}}},"2":{"name":"(anonymous_10)","decl":{"start":{"line":110,"column":0},"end":{"line":null,"column":-1}},"loc":{"start":{"line":110,"column":0},"end":{"line":null,"column":-1}}},"3":{"name":"mounted","decl":{"start":{"line":146,"column":0},"end":{"line":null,"column":-1}},"loc":{"start":{"line":146,"column":0},"end":{"line":149,"column":0}}},"4":{"name":"lang","decl":{"start":{"line":151,"column":0},"end":{"line":null,"column":-1}},"loc":{"start":{"line":151,"column":0},"end":{"line":156,"column":0}}}},"branchMap":{"0":{"loc":{"start":{"line":110,"column":0},"end":{"line":null,"column":-1}},"type":"switch","locations":[{"start":{"line":110,"column":0},"end":{"line":null,"column":-1}},{"start":{"line":110,"column":0},"end":{"line":143,"column":0}},{"start":{"line":110,"column":0},"end":{"line":null,"column":-1}},{"start":{"line":110,"column":0},"end":{"line":null,"column":-1}}]},"1":{"loc":{"start":{"line":120,"column":0},"end":{"line":143,"column":0}},"type":"if","locations":[{"start":{"line":120,"column":0},"end":{"line":143,"column":0}},{"start":{"line":120,"column":0},"end":{"line":143,"column":0}}]},"2":{"loc":{"start":{"line":138,"column":0},"end":{"line":143,"column":0}},"type":"if","locations":[{"start":{"line":138,"column":0},"end":{"line":143,"column":0}},{"start":{"line":138,"column":0},"end":{"line":143,"column":0}}]}},"s":{"0":11,"1":11,"2":11,"3":4,"4":1,"5":1,"6":40,"7":2,"8":2,"9":2,"10":2,"11":1,"12":1,"13":1,"14":1,"15":1,"16":1,"17":1,"18":1},"f":{"0":4,"1":1,"2":19,"3":4,"4":5},"b":{"0":[2,2,2,2],"1":[1,1],"2":[1,0]}}
,"/home/duyvu/Documents/DuyVu/Manager-AWS/MngAws-FrontEnd/BanHoanChinh/src/pages/Plan.vue": {"path":"/home/duyvu/Documents/DuyVu/Manager-AWS/MngAws-FrontEnd/BanHoanChinh/src/pages/Plan.vue","statementMap":{"0":{"start":{"line":155,"column":0},"end":{"line":null,"column":-1}},"1":{"start":{"line":156,"column":0},"end":{"line":null,"column":-1}},"2":{"start":{"line":157,"column":0},"end":{"line":null,"column":-1}},"3":{"start":{"line":164,"column":0},"end":{"line":null,"column":-1}},"4":{"start":{"line":185,"column":0},"end":{"line":null,"column":-1}},"5":{"start":{"line":187,"column":0},"end":{"line":null,"column":-1}},"6":{"start":{"line":196,"column":0},"end":{"line":null,"column":-1}},"7":{"start":{"line":197,"column":0},"end":{"line":null,"column":-1}},"8":{"start":{"line":198,"column":0},"end":{"line":null,"column":-1}},"9":{"start":{"line":201,"column":0},"end":{"line":206,"column":0}},"10":{"start":{"line":202,"column":0},"end":{"line":null,"column":-1}},"11":{"start":{"line":203,"column":0},"end":{"line":null,"column":-1}},"12":{"start":{"line":214,"column":0},"end":{"line":null,"column":-1}},"13":{"start":{"line":215,"column":0},"end":{"line":null,"column":-1}},"14":{"start":{"line":217,"column":0},"end":{"line":219,"column":0}},"15":{"start":{"line":218,"column":0},"end":{"line":null,"column":-1}},"16":{"start":{"line":220,"column":0},"end":{"line":225,"column":0}},"17":{"start":{"line":228,"column":0},"end":{"line":null,"column":-1}},"18":{"start":{"line":230,"column":0},"end":{"line":null,"column":-1}},"19":{"start":{"line":234,"column":0},"end":{"line":null,"column":-1}},"20":{"start":{"line":237,"column":0},"end":{"line":null,"column":-1}},"21":{"start":{"line":246,"column":0},"end":{"line":null,"column":-1}},"22":{"start":{"line":253,"column":0},"end":{"line":null,"column":-1}},"23":{"start":{"line":257,"column":0},"end":{"line":null,"column":-1}},"24":{"start":{"line":258,"column":0},"end":{"line":null,"column":-1}},"25":{"start":{"line":262,"column":0},"end":{"line":null,"column":-1}},"26":{"start":{"line":266,"column":0},"end":{"line":null,"column":-1}},"27":{"start":{"line":268,"column":0},"end":{"line":null,"column":-1}},"28":{"start":{"line":272,"column":0},"end":{"line":null,"column":-1}},"29":{"start":{"line":275,"column":0},"end":{"line":null,"column":-1}},"30":{"start":{"line":276,"column":0},"end":{"line":null,"column":-1}},"31":{"start":{"line":282,"column":0},"end":{"line":null,"column":-1}},"32":{"start":{"line":288,"column":0},"end":{"line":null,"column":-1}}},"fnMap":{"0":{"name":"data","decl":{"start":{"line":163,"column":0},"end":{"line":null,"column":-1}},"loc":{"start":{"line":163,"column":0},"end":{"line":181,"column":0}}},"1":{"name":"notifyVue","decl":{"start":{"line":184,"column":0},"end":{"line":null,"column":-1}},"loc":{"start":{"line":184,"column":0},"end":{"line":194,"column":0}}},"2":{"name":"(anonymous_10)","decl":{"start":{"line":196,"column":0},"end":{"line":null,"column":-1}},"loc":{"start":{"line":196,"column":0},"end":{"line":null,"column":-1}}},"3":{"name":"doSearch","decl":{"start":{"line":214,"column":0},"end":{"line":null,"column":-1}},"loc":{"start":{"line":214,"column":0},"end":{"line":226,"column":0}}},"4":{"name":"(anonymous_15)","decl":{"start":{"line":220,"column":0},"end":{"line":null,"column":-1}},"loc":{"start":{"line":220,"column":0},"end":{"line":225,"column":0}}},"5":{"name":"(anonymous_16)","decl":{"start":{"line":228,"column":0},"end":{"line":null,"column":-1}},"loc":{"start":{"line":228,"column":0},"end":{"line":null,"column":-1}}},"6":{"name":"click_a_plan","decl":{"start":{"line":261,"column":0},"end":{"line":null,"column":-1}},"loc":{"start":{"line":261,"column":0},"end":{"line":263,"column":0}}},"7":{"name":"(anonymous_21)","decl":{"start":{"line":266,"column":0},"end":{"line":null,"column":-1}},"loc":{"start":{"line":266,"column":0},"end":{"line":null,"column":-1}}},"8":{"name":"mounted","decl":{"start":{"line":281,"column":0},"end":{"line":null,"column":-1}},"loc":{"start":{"line":281,"column":0},"end":{"line":284,"column":0}}},"9":{"name":"dateTime","decl":{"start":{"line":287,"column":0},"end":{"line":null,"column":-1}},"loc":{"start":{"line":287,"column":0},"end":{"line":289,"column":0}}}},"branchMap":{"0":{"loc":{"start":{"line":196,"column":0},"end":{"line":null,"column":-1}},"type":"switch","locations":[{"start":{"line":196,"column":0},"end":{"line":null,"column":-1}},{"start":{"line":196,"column":0},"end":{"line":206,"column":0}},{"start":{"line":196,"column":0},"end":{"line":null,"column":-1}},{"start":{"line":196,"column":0},"end":{"line":null,"column":-1}}]},"1":{"loc":{"start":{"line":201,"column":0},"end":{"line":206,"column":0}},"type":"if","locations":[{"start":{"line":201,"column":0},"end":{"line":206,"column":0}}]},"2":{"loc":{"start":{"line":201,"column":0},"end":{"line":null,"column":-1}},"type":"binary-expr","locations":[{"start":{"line":201,"column":0},"end":{"line":null,"column":-1}},{"start":{"line":201,"column":0},"end":{"line":null,"column":-1}}]},"3":{"loc":{"start":{"line":217,"column":0},"end":{"line":219,"column":0}},"type":"if","locations":[{"start":{"line":217,"column":0},"end":{"line":219,"column":0}},{"start":{"line":217,"column":0},"end":{"line":219,"column":0}}]},"4":{"loc":{"start":{"line":228,"column":0},"end":{"line":null,"column":-1}},"type":"switch","locations":[{"start":{"line":228,"column":0},"end":{"line":null,"column":-1}},{"start":{"line":228,"column":0},"end":{"line":null,"column":-1}},{"start":{"line":228,"column":0},"end":{"line":null,"column":-1}},{"start":{"line":228,"column":0},"end":{"line":258,"column":0}},{"start":{"line":228,"column":0},"end":{"line":null,"column":-1}},{"start":{"line":228,"column":0},"end":{"line":null,"column":-1}}]},"5":{"loc":{"start":{"line":228,"column":0},"end":{"line":null,"column":-1}},"type":"if","locations":[{"start":{"line":228,"column":0},"end":{"line":null,"column":-1}},{"start":{"line":228,"column":0},"end":{"line":null,"column":-1}}]},"6":{"loc":{"start":{"line":266,"column":0},"end":{"line":null,"column":-1}},"type":"switch","locations":[{"start":{"line":266,"column":0},"end":{"line":null,"column":-1}},{"start":{"line":266,"column":0},"end":{"line":null,"column":-1}},{"start":{"line":266,"column":0},"end":{"line":276,"column":0}},{"start":{"line":266,"column":0},"end":{"line":null,"column":-1}},{"start":{"line":266,"column":0},"end":{"line":null,"column":-1}}]},"7":{"loc":{"start":{"line":266,"column":0},"end":{"line":null,"column":-1}},"type":"if","locations":[{"start":{"line":266,"column":0},"end":{"line":null,"column":-1}},{"start":{"line":266,"column":0},"end":{"line":null,"column":-1}}]}},"s":{"0":11,"1":11,"2":11,"3":10,"4":5,"5":5,"6":130,"7":12,"8":12,"9":12,"10":2,"11":2,"12":2,"13":2,"14":2,"15":1,"16":2,"17":61,"18":1,"19":2,"20":1,"21":1,"22":1,"23":1,"24":1,"25":1,"26":44,"27":1,"28":1,"29":1,"30":1,"31":10,"32":2},"f":{"0":10,"1":5,"2":59,"3":2,"4":8,"5":23,"6":1,"7":19,"8":10,"9":2},"b":{"0":[12,12,12,12],"1":[2],"2":[12,2],"3":[1,1],"4":[3,2,1,1,1,3],"5":[6,4],"6":[2,1,1,1,2],"7":[1,1]}}
,"/home/duyvu/Documents/DuyVu/Manager-AWS/MngAws-FrontEnd/BanHoanChinh/src/pages/Register.vue": {"path":"/home/duyvu/Documents/DuyVu/Manager-AWS/MngAws-FrontEnd/BanHoanChinh/src/pages/Register.vue","statementMap":{"0":{"start":{"line":102,"column":0},"end":{"line":null,"column":-1}},"1":{"start":{"line":103,"column":0},"end":{"line":null,"column":-1}},"2":{"start":{"line":104,"column":0},"end":{"line":null,"column":-1}},"3":{"start":{"line":108,"column":0},"end":{"line":null,"column":-1}},"4":{"start":{"line":125,"column":0},"end":{"line":null,"column":-1}},"5":{"start":{"line":127,"column":0},"end":{"line":null,"column":-1}},"6":{"start":{"line":137,"column":0},"end":{"line":145,"column":0}},"7":{"start":{"line":142,"column":0},"end":{"line":null,"column":-1}},"8":{"start":{"line":144,"column":0},"end":{"line":null,"column":-1}},"9":{"start":{"line":162,"column":0},"end":{"line":null,"column":-1}},"10":{"start":{"line":163,"column":0},"end":{"line":null,"column":-1}},"11":{"start":{"line":167,"column":0},"end":{"line":null,"column":-1}},"12":{"start":{"line":168,"column":0},"end":{"line":null,"column":-1}},"13":{"start":{"line":171,"column":0},"end":{"line":180,"column":0}},"14":{"start":{"line":172,"column":0},"end":{"line":null,"column":-1}},"15":{"start":{"line":183,"column":0},"end":{"line":null,"column":-1}},"16":{"start":{"line":184,"column":0},"end":{"line":null,"column":-1}},"17":{"start":{"line":189,"column":0},"end":{"line":null,"column":-1}},"18":{"start":{"line":190,"column":0},"end":{"line":null,"column":-1}},"19":{"start":{"line":193,"column":0},"end":{"line":203,"column":0}},"20":{"start":{"line":194,"column":0},"end":{"line":null,"column":-1}},"21":{"start":{"line":207,"column":0},"end":{"line":null,"column":-1}},"22":{"start":{"line":211,"column":0},"end":{"line":null,"column":-1}},"23":{"start":{"line":212,"column":0},"end":{"line":null,"column":-1}}},"fnMap":{"0":{"name":"data","decl":{"start":{"line":107,"column":0},"end":{"line":null,"column":-1}},"loc":{"start":{"line":107,"column":0},"end":{"line":122,"column":0}}},"1":{"name":"notifyVue","decl":{"start":{"line":124,"column":0},"end":{"line":null,"column":-1}},"loc":{"start":{"line":124,"column":0},"end":{"line":134,"column":0}}},"2":{"name":"click_register","decl":{"start":{"line":136,"column":0},"end":{"line":null,"column":-1}},"loc":{"start":{"line":136,"column":0},"end":{"line":160,"column":0}}},"3":{"name":"(anonymous_11)","decl":{"start":{"line":162,"column":0},"end":{"line":null,"column":-1}},"loc":{"start":{"line":162,"column":0},"end":{"line":null,"column":-1}}},"4":{"name":"(anonymous_15)","decl":{"start":{"line":183,"column":0},"end":{"line":null,"column":-1}},"loc":{"start":{"line":183,"column":0},"end":{"line":null,"column":-1}}},"5":{"name":"mounted","decl":{"start":{"line":206,"column":0},"end":{"line":null,"column":-1}},"loc":{"start":{"line":206,"column":0},"end":{"line":208,"column":0}}},"6":{"name":"lang","decl":{"start":{"line":210,"column":0},"end":{"line":null,"column":-1}},"loc":{"start":{"line":210,"column":0},"end":{"line":213,"column":0}}}},"branchMap":{"0":{"loc":{"start":{"line":137,"column":0},"end":{"line":145,"column":0}},"type":"if","locations":[{"start":{"line":137,"column":0},"end":{"line":145,"column":0}},{"start":{"line":137,"column":0},"end":{"line":145,"column":0}}]},"1":{"loc":{"start":{"line":137,"column":0},"end":{"line":null,"column":-1}},"type":"binary-expr","locations":[{"start":{"line":137,"column":0},"end":{"line":null,"column":-1}},{"start":{"line":137,"column":0},"end":{"line":null,"column":-1}},{"start":{"line":137,"column":0},"end":{"line":null,"column":-1}}]},"2":{"loc":{"start":{"line":162,"column":0},"end":{"line":null,"column":-1}},"type":"switch","locations":[{"start":{"line":162,"column":0},"end":{"line":null,"column":-1}},{"start":{"line":162,"column":0},"end":{"line":180,"column":0}},{"start":{"line":162,"column":0},"end":{"line":null,"column":-1}},{"start":{"line":162,"column":0},"end":{"line":null,"column":-1}}]},"3":{"loc":{"start":{"line":171,"column":0},"end":{"line":180,"column":0}},"type":"if","locations":[{"start":{"line":171,"column":0},"end":{"line":180,"column":0}}]},"4":{"loc":{"start":{"line":183,"column":0},"end":{"line":null,"column":-1}},"type":"switch","locations":[{"start":{"line":183,"column":0},"end":{"line":null,"column":-1}},{"start":{"line":183,"column":0},"end":{"line":203,"column":0}},{"start":{"line":183,"column":0},"end":{"line":null,"column":-1}},{"start":{"line":183,"column":0},"end":{"line":null,"column":-1}}]},"5":{"loc":{"start":{"line":193,"column":0},"end":{"line":203,"column":0}},"type":"if","locations":[{"start":{"line":193,"column":0},"end":{"line":203,"column":0}}]},"6":{"loc":{"start":{"line":193,"column":0},"end":{"line":null,"column":-1}},"type":"binary-expr","locations":[{"start":{"line":193,"column":0},"end":{"line":null,"column":-1}},{"start":{"line":193,"column":0},"end":{"line":null,"column":-1}}]}},"s":{"0":11,"1":11,"2":11,"3":9,"4":1,"5":1,"6":2,"7":1,"8":1,"9":40,"10":2,"11":2,"12":2,"13":2,"14":1,"15":49,"16":3,"17":3,"18":3,"19":3,"20":1,"21":9,"22":10,"23":10},"f":{"0":9,"1":1,"2":2,"3":19,"4":23,"5":9,"6":10},"b":{"0":[1,1],"1":[2,1,1],"2":[2,2,2,2],"3":[1],"4":[3,3,3,3],"5":[1],"6":[3,2]}}
,"/home/duyvu/Documents/DuyVu/Manager-AWS/MngAws-FrontEnd/BanHoanChinh/src/pages/Layout/DashboardLayout.vue": {"path":"/home/duyvu/Documents/DuyVu/Manager-AWS/MngAws-FrontEnd/BanHoanChinh/src/pages/Layout/DashboardLayout.vue","statementMap":{"0":{"start":{"line":35,"column":0},"end":{"line":null,"column":-1}},"1":{"start":{"line":36,"column":0},"end":{"line":null,"column":-1}},"2":{"start":{"line":37,"column":0},"end":{"line":null,"column":-1}}},"fnMap":{},"branchMap":{},"s":{"0":7,"1":7,"2":7},"f":{},"b":{}}
,"/home/duyvu/Documents/DuyVu/Manager-AWS/MngAws-FrontEnd/BanHoanChinh/src/pages/Layout/TopNavbar.vue": {"path":"/home/duyvu/Documents/DuyVu/Manager-AWS/MngAws-FrontEnd/BanHoanChinh/src/pages/Layout/TopNavbar.vue","statementMap":{"0":{"start":{"line":43,"column":0},"end":{"line":null,"column":-1}},"1":{"start":{"line":44,"column":0},"end":{"line":null,"column":-1}},"2":{"start":{"line":47,"column":0},"end":{"line":null,"column":-1}},"3":{"start":{"line":65,"column":0},"end":{"line":null,"column":-1}},"4":{"start":{"line":69,"column":0},"end":{"line":null,"column":-1}},"5":{"start":{"line":71,"column":0},"end":{"line":null,"column":-1}},"6":{"start":{"line":73,"column":0},"end":{"line":null,"column":-1}},"7":{"start":{"line":77,"column":0},"end":{"line":null,"column":-1}},"8":{"start":{"line":78,"column":0},"end":{"line":null,"column":-1}}},"fnMap":{"0":{"name":"data","decl":{"start":{"line":46,"column":0},"end":{"line":null,"column":-1}},"loc":{"start":{"line":46,"column":0},"end":{"line":62,"column":0}}},"1":{"name":"toggleSidebar","decl":{"start":{"line":64,"column":0},"end":{"line":null,"column":-1}},"loc":{"start":{"line":64,"column":0},"end":{"line":66,"column":0}}},"2":{"name":"click_logout","decl":{"start":{"line":68,"column":0},"end":{"line":null,"column":-1}},"loc":{"start":{"line":68,"column":0},"end":{"line":74,"column":0}}},"3":{"name":"mounted","decl":{"start":{"line":76,"column":0},"end":{"line":null,"column":-1}},"loc":{"start":{"line":76,"column":0},"end":{"line":79,"column":0}}},"4":{"name":"lang","decl":{"start":{"line":82,"column":0},"end":{"line":null,"column":-1}},"loc":{"start":{"line":82,"column":0},"end":{"line":89,"column":0}}}},"branchMap":{},"s":{"0":11,"1":11,"2":2,"3":1,"4":1,"5":1,"6":1,"7":2,"8":2},"f":{"0":2,"1":1,"2":1,"3":2,"4":2},"b":{}}
}
