TN:
SF:/home/duyvu/Documents/DuyVu/Manager-AWS/MngAws-FrontEnd/BanHoanChinh/src/components/Pagination.vue
FN:42,_default
FN:60,pagesNumber
FN:88,changePage
FNF:3
FNH:3
FNDA:1,_default
FNDA:3,pagesNumber
FNDA:1,changePage
DA:43,1
DA:65,3
DA:71,3
DA:77,3
DA:84,3
DA:89,1
LF:6
LH:6
BRF:0
BRH:0
end_of_record
TN:
SF:/home/duyvu/Documents/DuyVu/Manager-AWS/MngAws-FrontEnd/BanHoanChinh/src/components/Tables/AccountTable.vue
FN:68,_default
FN:74,_default
FN:79,data
FN:108,notifyVue
FN:120,getAccountsShow
FN:132,click_account
FN:137,click_remove
FN:141,(anonymous_15)
FN:153,accounts
FNF:9
FNH:9
FNDA:6,_default
FNDA:6,_default
FNDA:6,data
FNDA:1,notifyVue
FNDA:4,getAccountsShow
FNDA:1,click_account
FNDA:1,click_remove
FNDA:15,(anonymous_15)
FNDA:2,accounts
DA:56,11
DA:57,11
DA:58,11
DA:69,6
DA:75,6
DA:81,6
DA:109,1
DA:111,1
DA:121,4
DA:123,4
DA:124,20
DA:127,29
DA:133,1
DA:134,1
DA:138,1
DA:141,31
DA:142,1
DA:143,1
DA:146,2
DA:154,2
DA:156,4
DA:159,2
LF:22
LH:22
BRDA:91,0,0,0
BRDA:91,0,1,6
BRDA:127,1,0,9
BRDA:127,1,1,11
BRDA:141,2,0,1
BRDA:141,2,1,1
BRDA:141,2,2,1
BRDA:141,2,3,1
BRDA:146,3,0,1
BRDA:156,4,0,2
BRDA:156,4,1,4
BRF:11
BRH:10
end_of_record
TN:
SF:/home/duyvu/Documents/DuyVu/Manager-AWS/MngAws-FrontEnd/BanHoanChinh/src/components/Tables/InstanceFullTable.vue
FN:148,_default
FN:153,data
FN:182,notifyVue
FN:194,getInstancesShow
FN:207,implementInstance
FN:216,(anonymous_13)
FN:250,(anonymous_17)
FN:282,(anonymous_21)
FN:311,mounted
FN:320,instances
FNF:10
FNH:10
FNDA:14,_default
FNDA:14,data
FNDA:1,notifyVue
FNDA:18,getInstancesShow
FNDA:3,implementInstance
FNDA:23,(anonymous_13)
FNDA:23,(anonymous_17)
FNDA:19,(anonymous_21)
FNDA:14,mounted
FNDA:2,instances
DA:131,11
DA:132,11
DA:133,11
DA:149,14
DA:154,14
DA:183,1
DA:185,1
DA:195,18
DA:197,18
DA:198,90
DA:201,90
DA:202,9
DA:208,8
DA:211,3
DA:212,3
DA:213,3
DA:216,57
DA:218,1
DA:227,2
DA:234,2
DA:235,2
DA:238,2
DA:239,1
DA:250,57
DA:252,1
DA:261,2
DA:267,2
DA:270,2
DA:271,1
DA:282,40
DA:283,2
DA:289,2
DA:292,2
DA:293,1
DA:312,14
DA:314,28
DA:316,14
DA:321,2
DA:323,4
DA:326,2
LF:40
LH:40
BRDA:201,0,0,9
BRDA:201,0,1,81
BRDA:208,1,0,2
BRDA:208,1,1,3
BRDA:216,2,0,3
BRDA:216,2,1,2
BRDA:216,2,2,2
BRDA:216,2,3,2
BRDA:216,2,4,3
BRDA:216,3,0,2
BRDA:216,3,1,1
BRDA:238,4,0,1
BRDA:250,5,0,3
BRDA:250,5,1,2
BRDA:250,5,2,2
BRDA:250,5,3,2
BRDA:250,5,4,3
BRDA:250,6,0,2
BRDA:250,6,1,1
BRDA:270,7,0,1
BRDA:282,8,0,2
BRDA:282,8,1,2
BRDA:282,8,2,2
BRDA:282,8,3,2
BRDA:292,9,0,1
BRDA:314,10,0,14
BRDA:314,10,1,14
BRDA:323,11,0,2
BRDA:323,11,1,4
BRF:29
BRH:29
end_of_record
TN:
SF:/home/duyvu/Documents/DuyVu/Manager-AWS/MngAws-FrontEnd/BanHoanChinh/src/components/Tables/InstanceTable.vue
FN:40,_default
FN:45,data
FN:63,getInstancesShow
FN:77,mounted
FN:86,instances_choosed
FNF:5
FNH:5
FNDA:2,_default
FNDA:2,data
FNDA:6,getInstancesShow
FNDA:2,mounted
FNDA:2,instances_choosed
DA:26,11
DA:41,2
DA:46,2
DA:64,6
DA:66,6
DA:67,30
DA:70,30
DA:71,9
DA:78,2
DA:80,4
DA:82,2
DA:87,2
DA:89,4
DA:92,2
LF:14
LH:14
BRDA:70,0,0,9
BRDA:70,0,1,21
BRDA:80,1,0,2
BRDA:80,1,1,2
BRDA:89,2,0,2
BRDA:89,2,1,4
BRF:6
BRH:6
end_of_record
TN:
SF:/home/duyvu/Documents/DuyVu/Manager-AWS/MngAws-FrontEnd/BanHoanChinh/src/components/Tables/PlanTable.vue
FN:65,_default
FN:70,data
FN:93,emit_event_click_row
FN:98,plan_choosing
FN:106,getPlanShow
FN:118,setPages
FN:129,plans
FNF:7
FNH:7
FNDA:6,_default
FNDA:6,data
FNDA:1,emit_event_click_row
FNDA:2,plan_choosing
FNDA:4,getPlanShow
FNDA:1,setPages
FNDA:2,plans
DA:52,11
DA:66,6
DA:71,6
DA:94,1
DA:95,1
DA:99,2
DA:100,1
DA:103,1
DA:107,4
DA:108,4
DA:109,32
DA:112,32
DA:113,12
DA:119,1
DA:130,2
DA:132,4
DA:135,2
LF:17
LH:17
BRDA:99,0,0,1
BRDA:99,0,1,1
BRDA:112,1,0,12
BRDA:112,1,1,20
BRDA:132,2,0,2
BRDA:132,2,1,4
BRF:6
BRH:6
end_of_record
TN:
SF:/home/duyvu/Documents/DuyVu/Manager-AWS/MngAws-FrontEnd/BanHoanChinh/src/pages/Accounts.vue
FN:117,data
FN:136,notifyVue
FN:148,click_accept_add
FN:159,(anonymous_11)
FN:171,click_an_account
FN:180,(anonymous_16)
FN:188,(anonymous_19)
FN:194,(anonymous_24)
FN:209,mounted
FNF:9
FNH:9
FNDA:8,data
FNDA:3,notifyVue
FNDA:1,click_accept_add
FNDA:19,(anonymous_11)
FNDA:1,click_an_account
FNDA:44,(anonymous_16)
FNDA:26,(anonymous_19)
FNDA:19,(anonymous_24)
FNDA:8,mounted
DA:109,11
DA:110,11
DA:111,11
DA:118,8
DA:137,3
DA:139,3
DA:149,1
DA:156,1
DA:159,40
DA:160,2
DA:161,2
DA:163,2
DA:164,1
DA:165,1
DA:167,1
DA:171,1
DA:172,1
DA:180,103
DA:181,9
DA:182,6
DA:185,6
DA:186,2
DA:188,60
DA:194,38
DA:195,2
DA:196,2
DA:198,2
DA:199,1
DA:200,3
DA:201,3
DA:204,1
DA:210,8
LF:32
LH:32
BRDA:159,0,0,2
BRDA:159,0,1,2
BRDA:159,0,2,2
BRDA:159,0,3,2
BRDA:163,1,0,1
BRDA:163,1,1,1
BRDA:180,2,0,9
BRDA:180,2,1,6
BRDA:180,2,2,6
BRDA:180,2,3,6
BRDA:185,3,0,2
BRDA:185,4,0,6
BRDA:185,4,1,2
BRDA:188,5,0,6
BRDA:188,5,1,6
BRDA:188,5,2,6
BRDA:194,6,0,2
BRDA:194,6,1,2
BRDA:194,6,2,2
BRDA:194,6,3,2
BRDA:198,7,0,1
BRDA:198,7,1,1
BRF:22
BRH:22
end_of_record
TN:
SF:/home/duyvu/Documents/DuyVu/Manager-AWS/MngAws-FrontEnd/BanHoanChinh/src/pages/Dashboard.vue
FN:81,data
FN:93,notifyVue
FN:105,(anonymous_10)
FN:112,(anonymous_14)
FN:119,(anonymous_17)
FN:125,(anonymous_22)
FN:140,(anonymous_26)
FNF:7
FNH:7
FNDA:5,data
FNDA:1,notifyVue
FNDA:33,(anonymous_10)
FNDA:34,(anonymous_14)
FNDA:39,(anonymous_17)
FNDA:31,(anonymous_22)
FNDA:30,(anonymous_26)
DA:66,11
DA:67,11
DA:68,11
DA:82,5
DA:94,1
DA:96,1
DA:105,71
DA:106,5
DA:107,5
DA:109,5
DA:112,79
DA:113,6
DA:114,5
DA:117,5
DA:118,3
DA:119,87
DA:125,58
DA:126,6
DA:127,2
DA:129,2
DA:130,1
DA:131,3
DA:132,3
DA:135,1
DA:140,64
DA:142,4
LF:26
LH:26
BRDA:105,0,0,5
BRDA:105,0,1,5
BRDA:105,0,2,3
BRDA:105,0,3,5
BRDA:112,1,0,6
BRDA:112,1,1,5
BRDA:112,1,2,5
BRDA:112,1,3,5
BRDA:117,2,0,3
BRDA:117,3,0,5
BRDA:117,3,1,3
BRDA:119,4,0,10
BRDA:119,4,1,6
BRDA:119,4,2,6
BRDA:125,5,0,6
BRDA:125,5,1,2
BRDA:125,5,2,2
BRDA:125,5,3,2
BRDA:129,6,0,1
BRDA:129,6,1,1
BRDA:140,7,0,5
BRDA:140,7,1,4
BRDA:140,7,2,4
BRDA:140,7,3,4
BRF:24
BRH:24
end_of_record
TN:
SF:/home/duyvu/Documents/DuyVu/Manager-AWS/MngAws-FrontEnd/BanHoanChinh/src/pages/Instances.vue
FN:132,data
FN:155,notifyVue
FN:167,(anonymous_10)
FN:177,(anonymous_13)
FN:186,(anonymous_18)
FN:203,doSearchByKey
FN:208,(anonymous_23)
FN:217,doSearchByAccount
FN:223,(anonymous_25)
FN:232,(anonymous_26)
FN:258,mounted
FNF:11
FNH:11
FNDA:10,data
FNDA:5,notifyVue
FNDA:54,(anonymous_10)
FNDA:26,(anonymous_13)
FNDA:19,(anonymous_18)
FNDA:2,doSearchByKey
FNDA:3,(anonymous_23)
FNDA:2,doSearchByAccount
FNDA:6,(anonymous_25)
FNDA:19,(anonymous_26)
FNDA:10,mounted
DA:125,11
DA:126,11
DA:127,11
DA:133,10
DA:156,5
DA:158,5
DA:167,129
DA:168,11
DA:169,10
DA:172,10
DA:173,2
DA:174,2
DA:175,2
DA:176,2
DA:177,60
DA:186,38
DA:187,2
DA:188,2
DA:190,2
DA:191,2
DA:192,1
DA:193,3
DA:194,3
DA:195,3
DA:196,3
DA:199,1
DA:203,2
DA:204,2
DA:206,2
DA:207,1
DA:208,1
DA:217,2
DA:218,2
DA:220,2
DA:221,1
DA:223,2
DA:232,40
DA:233,2
DA:242,2
DA:244,2
DA:259,10
LF:41
LH:41
BRDA:167,0,0,11
BRDA:167,0,1,10
BRDA:167,0,2,10
BRDA:167,0,3,10
BRDA:172,1,0,2
BRDA:172,2,0,10
BRDA:172,2,1,2
BRDA:176,3,0,0
BRDA:176,3,1,2
BRDA:177,4,0,6
BRDA:177,4,1,6
BRDA:177,4,2,6
BRDA:186,5,0,2
BRDA:186,5,1,2
BRDA:186,5,2,2
BRDA:186,5,3,2
BRDA:191,6,0,1
BRDA:191,6,1,1
BRDA:206,7,0,1
BRDA:206,7,1,1
BRDA:220,8,0,1
BRDA:220,8,1,1
BRDA:232,9,0,2
BRDA:232,9,1,2
BRDA:232,9,2,2
BRDA:232,9,3,2
BRF:26
BRH:25
end_of_record
TN:
SF:/home/duyvu/Documents/DuyVu/Manager-AWS/MngAws-FrontEnd/BanHoanChinh/src/pages/Login.vue
FN:83,data
FN:98,notifyVue
FN:110,(anonymous_10)
FN:146,mounted
FN:151,lang
FNF:5
FNH:5
FNDA:4,data
FNDA:1,notifyVue
FNDA:19,(anonymous_10)
FNDA:4,mounted
FNDA:5,lang
DA:77,11
DA:78,11
DA:79,11
DA:84,4
DA:99,1
DA:101,1
DA:110,40
DA:111,2
DA:113,2
DA:118,2
DA:120,2
DA:122,1
DA:124,1
DA:125,1
DA:127,1
DA:134,1
DA:137,1
DA:138,1
DA:139,1
LF:19
LH:19
BRDA:110,0,0,2
BRDA:110,0,1,2
BRDA:110,0,2,2
BRDA:110,0,3,2
BRDA:120,1,0,1
BRDA:120,1,1,1
BRDA:138,2,0,1
BRDA:138,2,1,0
BRF:8
BRH:7
end_of_record
TN:
SF:/home/duyvu/Documents/DuyVu/Manager-AWS/MngAws-FrontEnd/BanHoanChinh/src/pages/Plan.vue
FN:163,data
FN:184,notifyVue
FN:196,(anonymous_10)
FN:214,doSearch
FN:220,(anonymous_15)
FN:228,(anonymous_16)
FN:261,click_a_plan
FN:266,(anonymous_21)
FN:281,mounted
FN:287,dateTime
FNF:10
FNH:10
FNDA:10,data
FNDA:5,notifyVue
FNDA:59,(anonymous_10)
FNDA:2,doSearch
FNDA:8,(anonymous_15)
FNDA:23,(anonymous_16)
FNDA:1,click_a_plan
FNDA:19,(anonymous_21)
FNDA:10,mounted
FNDA:2,dateTime
DA:155,11
DA:156,11
DA:157,11
DA:164,10
DA:185,5
DA:187,5
DA:196,130
DA:197,12
DA:198,12
DA:201,12
DA:202,2
DA:203,2
DA:214,2
DA:215,2
DA:217,2
DA:218,1
DA:220,2
DA:228,61
DA:230,1
DA:234,2
DA:237,1
DA:246,1
DA:253,1
DA:257,1
DA:258,1
DA:262,1
DA:266,44
DA:268,1
DA:272,1
DA:275,1
DA:276,1
DA:282,10
DA:288,2
LF:33
LH:33
BRDA:196,0,0,12
BRDA:196,0,1,12
BRDA:196,0,2,12
BRDA:196,0,3,12
BRDA:201,1,0,2
BRDA:201,2,0,12
BRDA:201,2,1,2
BRDA:217,3,0,1
BRDA:217,3,1,1
BRDA:228,4,0,3
BRDA:228,4,1,2
BRDA:228,4,2,1
BRDA:228,4,3,1
BRDA:228,4,4,1
BRDA:228,4,5,3
BRDA:228,5,0,6
BRDA:228,5,1,4
BRDA:266,6,0,2
BRDA:266,6,1,1
BRDA:266,6,2,1
BRDA:266,6,3,1
BRDA:266,6,4,2
BRDA:266,7,0,1
BRDA:266,7,1,1
BRF:24
BRH:24
end_of_record
TN:
SF:/home/duyvu/Documents/DuyVu/Manager-AWS/MngAws-FrontEnd/BanHoanChinh/src/pages/Register.vue
FN:107,data
FN:124,notifyVue
FN:136,click_register
FN:162,(anonymous_11)
FN:183,(anonymous_15)
FN:206,mounted
FN:210,lang
FNF:7
FNH:7
FNDA:9,data
FNDA:1,notifyVue
FNDA:2,click_register
FNDA:19,(anonymous_11)
FNDA:23,(anonymous_15)
FNDA:9,mounted
FNDA:10,lang
DA:102,11
DA:103,11
DA:104,11
DA:108,9
DA:125,1
DA:127,1
DA:137,2
DA:142,1
DA:144,1
DA:162,40
DA:163,2
DA:167,2
DA:168,2
DA:171,2
DA:172,1
DA:183,49
DA:184,3
DA:189,3
DA:190,3
DA:193,3
DA:194,1
DA:207,9
DA:211,10
DA:212,10
LF:24
LH:24
BRDA:137,0,0,1
BRDA:137,0,1,1
BRDA:137,1,0,2
BRDA:137,1,1,1
BRDA:137,1,2,1
BRDA:162,2,0,2
BRDA:162,2,1,2
BRDA:162,2,2,2
BRDA:162,2,3,2
BRDA:171,3,0,1
BRDA:183,4,0,3
BRDA:183,4,1,3
BRDA:183,4,2,3
BRDA:183,4,3,3
BRDA:193,5,0,1
BRDA:193,6,0,3
BRDA:193,6,1,2
BRF:17
BRH:17
end_of_record
TN:
SF:/home/duyvu/Documents/DuyVu/Manager-AWS/MngAws-FrontEnd/BanHoanChinh/src/pages/Layout/DashboardLayout.vue
FNF:0
FNH:0
DA:35,7
DA:36,7
DA:37,7
LF:3
LH:3
BRF:0
BRH:0
end_of_record
TN:
SF:/home/duyvu/Documents/DuyVu/Manager-AWS/MngAws-FrontEnd/BanHoanChinh/src/pages/Layout/TopNavbar.vue
FN:46,data
FN:64,toggleSidebar
FN:68,click_logout
FN:76,mounted
FN:82,lang
FNF:5
FNH:5
FNDA:2,data
FNDA:1,toggleSidebar
FNDA:1,click_logout
FNDA:2,mounted
FNDA:2,lang
DA:43,11
DA:44,11
DA:47,2
DA:65,1
DA:69,1
DA:71,1
DA:73,1
DA:77,2
DA:78,2
LF:9
LH:9
BRF:0
BRH:0
end_of_record
